[15-02:36 2025-02-13] [[32minfo[39m]: 	Trying to list all products
[15-02:36 2025-02-13] [[32minfo[39m]: 	Product 1: Blue Top
[15-02:36 2025-02-13] [[32minfo[39m]: 	Product 2: Men Tshirt
[15-02:36 2025-02-13] [[32minfo[39m]: 	Product 3: Sleeveless Dress
[15-02:36 2025-02-13] [[32minfo[39m]: 	Product 4: Stylish Dress
[15-02:37 2025-02-13] [[32minfo[39m]: 	Product 5: Winter Top
[15-02:37 2025-02-13] [[32minfo[39m]: 	Product 6: Summer White Top
[15-02:37 2025-02-13] [[32minfo[39m]: 	Product 7: Madame Top For Women
[15-02:37 2025-02-13] [[32minfo[39m]: 	Product 8: Fancy Green Top
[15-02:37 2025-02-13] [[32minfo[39m]: 	Product 9: Sleeves Printed Top - White
[15-02:37 2025-02-13] [[32minfo[39m]: 	Product 10: Half Sleeves Top Schiffli Detailing - Pink
[15-02:37 2025-02-13] [[32minfo[39m]: 	Product 11: Frozen Tops For Kids
[15-02:37 2025-02-13] [[32minfo[39m]: 	Product 12: Full Sleeves Top Cherry - Pink
[15-02:37 2025-02-13] [[32minfo[39m]: 	Product 13: Printed Off Shoulder Top - White
[15-02:37 2025-02-13] [[32minfo[39m]: 	Product 14: Sleeves Top and Short - Blue & Pink
[15-02:37 2025-02-13] [[32minfo[39m]: 	Product 15: Little Girls Mr. Panda Shirt
[15-02:37 2025-02-13] [[32minfo[39m]: 	Product 16: Sleeveless Unicorn Patch Gown - Pink
[15-02:37 2025-02-13] [[32minfo[39m]: 	Product 17: Cotton Mull Embroidered Dress
[15-02:37 2025-02-13] [[32minfo[39m]: 	Product 18: Blue Cotton Indie Mickey Dress
[15-02:37 2025-02-13] [[32minfo[39m]: 	Product 19: Long Maxi Tulle Fancy Dress Up Outfits -Pink
[15-02:37 2025-02-13] [[32minfo[39m]: 	Product 20: Sleeveless Unicorn Print Fit & Flare Net Dress - Multi
[15-02:37 2025-02-13] [[32minfo[39m]: 	Product 21: Colour Blocked Shirt – Sky Blue
[15-02:37 2025-02-13] [[32minfo[39m]: 	Product 22: Pure Cotton V-Neck T-Shirt
[15-02:37 2025-02-13] [[32minfo[39m]: 	Product 23: Green Side Placket Detail T-Shirt
[15-02:37 2025-02-13] [[32minfo[39m]: 	Product 24: Premium Polo T-Shirts
[15-02:37 2025-02-13] [[32minfo[39m]: 	Product 25: Pure Cotton Neon Green Tshirt
[15-02:37 2025-02-13] [[32minfo[39m]: 	Product 26: Soft Stretch Jeans
[15-02:37 2025-02-13] [[32minfo[39m]: 	Product 27: Regular Fit Straight Jeans
[15-02:37 2025-02-13] [[32minfo[39m]: 	Product 28: Grunt Blue Slim Fit Jeans
[15-02:37 2025-02-13] [[32minfo[39m]: 	Product 29: Rose Pink Embroidered Maxi Dress
[15-02:37 2025-02-13] [[32minfo[39m]: 	Product 30: Cotton Silk Hand Block Print Saree
[15-02:37 2025-02-13] [[32minfo[39m]: 	Product 31: Rust Red Linen Saree
[15-02:37 2025-02-13] [[32minfo[39m]: 	Product 32: Beautiful Peacock Blue Cotton Linen Saree
[15-02:37 2025-02-13] [[32minfo[39m]: 	Product 33: Lace Top For Women
[15-02:37 2025-02-13] [[32minfo[39m]: 	Product 34: GRAPHIC DESIGN MEN T SHIRT - BLUE
16-02:08 2025-02-13 - [32MINFO[39M - 	Trying to list all products
16-02:08 2025-02-13 - [32MINFO[39M - 	Product 1: Blue Top
16-02:08 2025-02-13 - [32MINFO[39M - 	Product 2: Men Tshirt
16-02:08 2025-02-13 - [32MINFO[39M - 	Product 3: Sleeveless Dress
16-02:08 2025-02-13 - [32MINFO[39M - 	Product 4: Stylish Dress
16-02:08 2025-02-13 - [32MINFO[39M - 	Product 5: Winter Top
16-02:08 2025-02-13 - [32MINFO[39M - 	Product 6: Summer White Top
16-02:08 2025-02-13 - [32MINFO[39M - 	Product 7: Madame Top For Women
16-02:08 2025-02-13 - [32MINFO[39M - 	Product 8: Fancy Green Top
16-02:08 2025-02-13 - [32MINFO[39M - 	Product 9: Sleeves Printed Top - White
16-02:08 2025-02-13 - [32MINFO[39M - 	Product 10: Half Sleeves Top Schiffli Detailing - Pink
16-02:08 2025-02-13 - [32MINFO[39M - 	Product 11: Frozen Tops For Kids
16-02:08 2025-02-13 - [32MINFO[39M - 	Product 12: Full Sleeves Top Cherry - Pink
16-02:08 2025-02-13 - [32MINFO[39M - 	Product 13: Printed Off Shoulder Top - White
16-02:08 2025-02-13 - [32MINFO[39M - 	Product 14: Sleeves Top and Short - Blue & Pink
16-02:08 2025-02-13 - [32MINFO[39M - 	Product 15: Little Girls Mr. Panda Shirt
16-02:08 2025-02-13 - [32MINFO[39M - 	Product 16: Sleeveless Unicorn Patch Gown - Pink
16-02:08 2025-02-13 - [32MINFO[39M - 	Product 17: Cotton Mull Embroidered Dress
16-02:08 2025-02-13 - [32MINFO[39M - 	Product 18: Blue Cotton Indie Mickey Dress
16-02:08 2025-02-13 - [32MINFO[39M - 	Product 19: Long Maxi Tulle Fancy Dress Up Outfits -Pink
16-02:08 2025-02-13 - [32MINFO[39M - 	Product 20: Sleeveless Unicorn Print Fit & Flare Net Dress - Multi
16-02:08 2025-02-13 - [32MINFO[39M - 	Product 21: Colour Blocked Shirt – Sky Blue
16-02:08 2025-02-13 - [32MINFO[39M - 	Product 22: Pure Cotton V-Neck T-Shirt
16-02:08 2025-02-13 - [32MINFO[39M - 	Product 23: Green Side Placket Detail T-Shirt
16-02:08 2025-02-13 - [32MINFO[39M - 	Product 24: Premium Polo T-Shirts
16-02:08 2025-02-13 - [32MINFO[39M - 	Product 25: Pure Cotton Neon Green Tshirt
16-02:08 2025-02-13 - [32MINFO[39M - 	Product 26: Soft Stretch Jeans
16-02:08 2025-02-13 - [32MINFO[39M - 	Product 27: Regular Fit Straight Jeans
16-02:08 2025-02-13 - [32MINFO[39M - 	Product 28: Grunt Blue Slim Fit Jeans
16-02:08 2025-02-13 - [32MINFO[39M - 	Product 29: Rose Pink Embroidered Maxi Dress
16-02:08 2025-02-13 - [32MINFO[39M - 	Product 30: Cotton Silk Hand Block Print Saree
16-02:08 2025-02-13 - [32MINFO[39M - 	Product 31: Rust Red Linen Saree
16-02:08 2025-02-13 - [32MINFO[39M - 	Product 32: Beautiful Peacock Blue Cotton Linen Saree
16-02:08 2025-02-13 - [32MINFO[39M - 	Product 33: Lace Top For Women
16-02:08 2025-02-13 - [32MINFO[39M - 	Product 34: GRAPHIC DESIGN MEN T SHIRT - BLUE
[16-02:01 2025-02-13] [[32MINFO[39M]: 	Trying to list all products
[16-02:01 2025-02-13] [[32MINFO[39M]: 	Product 1: Blue Top
[16-02:01 2025-02-13] [[32MINFO[39M]: 	Product 2: Men Tshirt
[16-02:01 2025-02-13] [[32MINFO[39M]: 	Product 3: Sleeveless Dress
[16-02:01 2025-02-13] [[32MINFO[39M]: 	Product 4: Stylish Dress
[16-02:01 2025-02-13] [[32MINFO[39M]: 	Product 5: Winter Top
[16-02:01 2025-02-13] [[32MINFO[39M]: 	Product 6: Summer White Top
[16-02:01 2025-02-13] [[32MINFO[39M]: 	Product 7: Madame Top For Women
[16-02:01 2025-02-13] [[32MINFO[39M]: 	Product 8: Fancy Green Top
[16-02:01 2025-02-13] [[32MINFO[39M]: 	Product 9: Sleeves Printed Top - White
[16-02:01 2025-02-13] [[32MINFO[39M]: 	Product 10: Half Sleeves Top Schiffli Detailing - Pink
[16-02:01 2025-02-13] [[32MINFO[39M]: 	Product 11: Frozen Tops For Kids
[16-02:01 2025-02-13] [[32MINFO[39M]: 	Product 12: Full Sleeves Top Cherry - Pink
[16-02:01 2025-02-13] [[32MINFO[39M]: 	Product 13: Printed Off Shoulder Top - White
[16-02:01 2025-02-13] [[32MINFO[39M]: 	Product 14: Sleeves Top and Short - Blue & Pink
[16-02:01 2025-02-13] [[32MINFO[39M]: 	Product 15: Little Girls Mr. Panda Shirt
[16-02:01 2025-02-13] [[32MINFO[39M]: 	Product 16: Sleeveless Unicorn Patch Gown - Pink
[16-02:01 2025-02-13] [[32MINFO[39M]: 	Product 17: Cotton Mull Embroidered Dress
[16-02:01 2025-02-13] [[32MINFO[39M]: 	Product 18: Blue Cotton Indie Mickey Dress
[16-02:01 2025-02-13] [[32MINFO[39M]: 	Product 19: Long Maxi Tulle Fancy Dress Up Outfits -Pink
[16-02:01 2025-02-13] [[32MINFO[39M]: 	Product 20: Sleeveless Unicorn Print Fit & Flare Net Dress - Multi
[16-02:01 2025-02-13] [[32MINFO[39M]: 	Product 21: Colour Blocked Shirt – Sky Blue
[16-02:01 2025-02-13] [[32MINFO[39M]: 	Product 22: Pure Cotton V-Neck T-Shirt
[16-02:01 2025-02-13] [[32MINFO[39M]: 	Product 23: Green Side Placket Detail T-Shirt
[16-02:01 2025-02-13] [[32MINFO[39M]: 	Product 24: Premium Polo T-Shirts
[16-02:01 2025-02-13] [[32MINFO[39M]: 	Product 25: Pure Cotton Neon Green Tshirt
[16-02:01 2025-02-13] [[32MINFO[39M]: 	Product 26: Soft Stretch Jeans
[16-02:01 2025-02-13] [[32MINFO[39M]: 	Product 27: Regular Fit Straight Jeans
[16-02:01 2025-02-13] [[32MINFO[39M]: 	Product 28: Grunt Blue Slim Fit Jeans
[16-02:01 2025-02-13] [[32MINFO[39M]: 	Product 29: Rose Pink Embroidered Maxi Dress
[16-02:01 2025-02-13] [[32MINFO[39M]: 	Product 30: Cotton Silk Hand Block Print Saree
[16-02:01 2025-02-13] [[32MINFO[39M]: 	Product 31: Rust Red Linen Saree
[16-02:01 2025-02-13] [[32MINFO[39M]: 	Product 32: Beautiful Peacock Blue Cotton Linen Saree
[16-02:01 2025-02-13] [[32MINFO[39M]: 	Product 33: Lace Top For Women
[16-02:01 2025-02-13] [[32MINFO[39M]: 	Product 34: GRAPHIC DESIGN MEN T SHIRT - BLUE
[16-02:09 2025-02-13] [[36MINFO[39M]: 	Trying to list all products
[16-02:09 2025-02-13] [[36MINFO[39M]: 	Product 1: Blue Top
[16-02:09 2025-02-13] [[36MINFO[39M]: 	Product 2: Men Tshirt
[16-02:09 2025-02-13] [[36MINFO[39M]: 	Product 3: Sleeveless Dress
[16-02:09 2025-02-13] [[36MINFO[39M]: 	Product 4: Stylish Dress
[16-02:09 2025-02-13] [[36MINFO[39M]: 	Product 5: Winter Top
[16-02:09 2025-02-13] [[36MINFO[39M]: 	Product 6: Summer White Top
[16-02:09 2025-02-13] [[36MINFO[39M]: 	Product 7: Madame Top For Women
[16-02:09 2025-02-13] [[36MINFO[39M]: 	Product 8: Fancy Green Top
[16-02:09 2025-02-13] [[36MINFO[39M]: 	Product 9: Sleeves Printed Top - White
[16-02:09 2025-02-13] [[36MINFO[39M]: 	Product 10: Half Sleeves Top Schiffli Detailing - Pink
[16-02:09 2025-02-13] [[36MINFO[39M]: 	Product 11: Frozen Tops For Kids
[16-02:09 2025-02-13] [[36MINFO[39M]: 	Product 12: Full Sleeves Top Cherry - Pink
[16-02:09 2025-02-13] [[36MINFO[39M]: 	Product 13: Printed Off Shoulder Top - White
[16-02:09 2025-02-13] [[36MINFO[39M]: 	Product 14: Sleeves Top and Short - Blue & Pink
[16-02:09 2025-02-13] [[36MINFO[39M]: 	Product 15: Little Girls Mr. Panda Shirt
[16-02:09 2025-02-13] [[36MINFO[39M]: 	Product 16: Sleeveless Unicorn Patch Gown - Pink
[16-02:09 2025-02-13] [[36MINFO[39M]: 	Product 17: Cotton Mull Embroidered Dress
[16-02:09 2025-02-13] [[36MINFO[39M]: 	Product 18: Blue Cotton Indie Mickey Dress
[16-02:09 2025-02-13] [[36MINFO[39M]: 	Product 19: Long Maxi Tulle Fancy Dress Up Outfits -Pink
[16-02:09 2025-02-13] [[36MINFO[39M]: 	Product 20: Sleeveless Unicorn Print Fit & Flare Net Dress - Multi
[16-02:09 2025-02-13] [[36MINFO[39M]: 	Product 21: Colour Blocked Shirt – Sky Blue
[16-02:09 2025-02-13] [[36MINFO[39M]: 	Product 22: Pure Cotton V-Neck T-Shirt
[16-02:09 2025-02-13] [[36MINFO[39M]: 	Product 23: Green Side Placket Detail T-Shirt
[16-02:09 2025-02-13] [[36MINFO[39M]: 	Product 24: Premium Polo T-Shirts
[16-02:09 2025-02-13] [[36MINFO[39M]: 	Product 25: Pure Cotton Neon Green Tshirt
[16-02:09 2025-02-13] [[36MINFO[39M]: 	Product 26: Soft Stretch Jeans
[16-02:09 2025-02-13] [[36MINFO[39M]: 	Product 27: Regular Fit Straight Jeans
[16-02:09 2025-02-13] [[36MINFO[39M]: 	Product 28: Grunt Blue Slim Fit Jeans
[16-02:09 2025-02-13] [[36MINFO[39M]: 	Product 29: Rose Pink Embroidered Maxi Dress
[16-02:09 2025-02-13] [[36MINFO[39M]: 	Product 30: Cotton Silk Hand Block Print Saree
[16-02:09 2025-02-13] [[36MINFO[39M]: 	Product 31: Rust Red Linen Saree
[16-02:09 2025-02-13] [[36MINFO[39M]: 	Product 32: Beautiful Peacock Blue Cotton Linen Saree
[16-02:09 2025-02-13] [[36MINFO[39M]: 	Product 33: Lace Top For Women
[16-02:09 2025-02-13] [[36MINFO[39M]: 	Product 34: GRAPHIC DESIGN MEN T SHIRT - BLUE
[16-02:49 2025-02-13] [INFO]: 	Trying to list all products
[16-02:49 2025-02-13] [INFO]: 	Product 1: Blue Top
[16-02:49 2025-02-13] [INFO]: 	Product 2: Men Tshirt
[16-02:49 2025-02-13] [INFO]: 	Product 3: Sleeveless Dress
[16-02:49 2025-02-13] [INFO]: 	Product 4: Stylish Dress
[16-02:49 2025-02-13] [INFO]: 	Product 5: Winter Top
[16-02:49 2025-02-13] [INFO]: 	Product 6: Summer White Top
[16-02:49 2025-02-13] [INFO]: 	Product 7: Madame Top For Women
[16-02:49 2025-02-13] [INFO]: 	Product 8: Fancy Green Top
[16-02:49 2025-02-13] [INFO]: 	Product 9: Sleeves Printed Top - White
[16-02:49 2025-02-13] [INFO]: 	Product 10: Half Sleeves Top Schiffli Detailing - Pink
[16-02:49 2025-02-13] [INFO]: 	Product 11: Frozen Tops For Kids
[16-02:49 2025-02-13] [INFO]: 	Product 12: Full Sleeves Top Cherry - Pink
[16-02:49 2025-02-13] [INFO]: 	Product 13: Printed Off Shoulder Top - White
[16-02:49 2025-02-13] [INFO]: 	Product 14: Sleeves Top and Short - Blue & Pink
[16-02:49 2025-02-13] [INFO]: 	Product 15: Little Girls Mr. Panda Shirt
[16-02:49 2025-02-13] [INFO]: 	Product 16: Sleeveless Unicorn Patch Gown - Pink
[16-02:49 2025-02-13] [INFO]: 	Product 17: Cotton Mull Embroidered Dress
[16-02:49 2025-02-13] [INFO]: 	Product 18: Blue Cotton Indie Mickey Dress
[16-02:49 2025-02-13] [INFO]: 	Product 19: Long Maxi Tulle Fancy Dress Up Outfits -Pink
[16-02:49 2025-02-13] [INFO]: 	Product 20: Sleeveless Unicorn Print Fit & Flare Net Dress - Multi
[16-02:49 2025-02-13] [INFO]: 	Product 21: Colour Blocked Shirt – Sky Blue
[16-02:49 2025-02-13] [INFO]: 	Product 22: Pure Cotton V-Neck T-Shirt
[16-02:49 2025-02-13] [INFO]: 	Product 23: Green Side Placket Detail T-Shirt
[16-02:49 2025-02-13] [INFO]: 	Product 24: Premium Polo T-Shirts
[16-02:49 2025-02-13] [INFO]: 	Product 25: Pure Cotton Neon Green Tshirt
[16-02:49 2025-02-13] [INFO]: 	Product 26: Soft Stretch Jeans
[16-02:49 2025-02-13] [INFO]: 	Product 27: Regular Fit Straight Jeans
[16-02:49 2025-02-13] [INFO]: 	Product 28: Grunt Blue Slim Fit Jeans
[16-02:49 2025-02-13] [INFO]: 	Product 29: Rose Pink Embroidered Maxi Dress
[16-02:49 2025-02-13] [INFO]: 	Product 30: Cotton Silk Hand Block Print Saree
[16-02:49 2025-02-13] [INFO]: 	Product 31: Rust Red Linen Saree
[16-02:49 2025-02-13] [INFO]: 	Product 32: Beautiful Peacock Blue Cotton Linen Saree
[16-02:49 2025-02-13] [INFO]: 	Product 33: Lace Top For Women
[16-02:49 2025-02-13] [INFO]: 	Product 34: GRAPHIC DESIGN MEN T SHIRT - BLUE
[17-02:05 2025-02-13] [INFO]: 	Trying to list all products
[17-02:05 2025-02-13] [INFO]: 	Product 1: Blue Top
[17-02:05 2025-02-13] [INFO]: 	Product 2: Men Tshirt
[17-02:05 2025-02-13] [INFO]: 	Product 3: Sleeveless Dress
[17-02:05 2025-02-13] [INFO]: 	Product 4: Stylish Dress
[17-02:05 2025-02-13] [INFO]: 	Product 5: Winter Top
[17-02:05 2025-02-13] [INFO]: 	Product 6: Summer White Top
[17-02:05 2025-02-13] [INFO]: 	Product 7: Madame Top For Women
[17-02:05 2025-02-13] [INFO]: 	Product 8: Fancy Green Top
[17-02:05 2025-02-13] [INFO]: 	Product 9: Sleeves Printed Top - White
[17-02:05 2025-02-13] [INFO]: 	Product 10: Half Sleeves Top Schiffli Detailing - Pink
[17-02:05 2025-02-13] [INFO]: 	Product 11: Frozen Tops For Kids
[17-02:05 2025-02-13] [INFO]: 	Product 12: Full Sleeves Top Cherry - Pink
[17-02:05 2025-02-13] [INFO]: 	Product 13: Printed Off Shoulder Top - White
[17-02:05 2025-02-13] [INFO]: 	Product 14: Sleeves Top and Short - Blue & Pink
[17-02:05 2025-02-13] [INFO]: 	Product 15: Little Girls Mr. Panda Shirt
[17-02:05 2025-02-13] [INFO]: 	Product 16: Sleeveless Unicorn Patch Gown - Pink
[17-02:05 2025-02-13] [INFO]: 	Product 17: Cotton Mull Embroidered Dress
[17-02:05 2025-02-13] [INFO]: 	Product 18: Blue Cotton Indie Mickey Dress
[17-02:05 2025-02-13] [INFO]: 	Product 19: Long Maxi Tulle Fancy Dress Up Outfits -Pink
[17-02:05 2025-02-13] [INFO]: 	Product 20: Sleeveless Unicorn Print Fit & Flare Net Dress - Multi
[17-02:05 2025-02-13] [INFO]: 	Product 21: Colour Blocked Shirt – Sky Blue
[17-02:05 2025-02-13] [INFO]: 	Product 22: Pure Cotton V-Neck T-Shirt
[17-02:05 2025-02-13] [INFO]: 	Product 23: Green Side Placket Detail T-Shirt
[17-02:05 2025-02-13] [INFO]: 	Product 24: Premium Polo T-Shirts
[17-02:05 2025-02-13] [INFO]: 	Product 25: Pure Cotton Neon Green Tshirt
[17-02:05 2025-02-13] [INFO]: 	Product 26: Soft Stretch Jeans
[17-02:05 2025-02-13] [INFO]: 	Product 27: Regular Fit Straight Jeans
[17-02:05 2025-02-13] [INFO]: 	Product 28: Grunt Blue Slim Fit Jeans
[17-02:05 2025-02-13] [INFO]: 	Product 29: Rose Pink Embroidered Maxi Dress
[17-02:05 2025-02-13] [INFO]: 	Product 30: Cotton Silk Hand Block Print Saree
[17-02:05 2025-02-13] [INFO]: 	Product 31: Rust Red Linen Saree
[17-02:05 2025-02-13] [INFO]: 	Product 32: Beautiful Peacock Blue Cotton Linen Saree
[17-02:05 2025-02-13] [INFO]: 	Product 33: Lace Top For Women
[17-02:05 2025-02-13] [INFO]: 	Product 34: GRAPHIC DESIGN MEN T SHIRT - BLUE
[17-02:11 2025-02-13] [INFO]: 	Trying to list all products
[17-02:11 2025-02-13] [INFO]: 	Product 1: Blue Top
[17-02:11 2025-02-13] [INFO]: 	Product 2: Men Tshirt
[17-02:11 2025-02-13] [INFO]: 	Product 3: Sleeveless Dress
[17-02:11 2025-02-13] [INFO]: 	Product 4: Stylish Dress
[17-02:11 2025-02-13] [INFO]: 	Product 5: Winter Top
[17-02:11 2025-02-13] [INFO]: 	Product 6: Summer White Top
[17-02:11 2025-02-13] [INFO]: 	Product 7: Madame Top For Women
[17-02:11 2025-02-13] [INFO]: 	Product 8: Fancy Green Top
[17-02:11 2025-02-13] [INFO]: 	Product 9: Sleeves Printed Top - White
[17-02:11 2025-02-13] [INFO]: 	Product 10: Half Sleeves Top Schiffli Detailing - Pink
[17-02:11 2025-02-13] [INFO]: 	Product 11: Frozen Tops For Kids
[17-02:11 2025-02-13] [INFO]: 	Product 12: Full Sleeves Top Cherry - Pink
[17-02:11 2025-02-13] [INFO]: 	Product 13: Printed Off Shoulder Top - White
[17-02:11 2025-02-13] [INFO]: 	Product 14: Sleeves Top and Short - Blue & Pink
[17-02:11 2025-02-13] [INFO]: 	Product 15: Little Girls Mr. Panda Shirt
[17-02:11 2025-02-13] [INFO]: 	Product 16: Sleeveless Unicorn Patch Gown - Pink
[17-02:11 2025-02-13] [INFO]: 	Product 17: Cotton Mull Embroidered Dress
[17-02:11 2025-02-13] [INFO]: 	Product 18: Blue Cotton Indie Mickey Dress
[17-02:11 2025-02-13] [INFO]: 	Product 19: Long Maxi Tulle Fancy Dress Up Outfits -Pink
[17-02:11 2025-02-13] [INFO]: 	Product 20: Sleeveless Unicorn Print Fit & Flare Net Dress - Multi
[17-02:11 2025-02-13] [INFO]: 	Product 21: Colour Blocked Shirt – Sky Blue
[17-02:11 2025-02-13] [INFO]: 	Product 22: Pure Cotton V-Neck T-Shirt
[17-02:11 2025-02-13] [INFO]: 	Product 23: Green Side Placket Detail T-Shirt
[17-02:11 2025-02-13] [INFO]: 	Product 24: Premium Polo T-Shirts
[17-02:11 2025-02-13] [INFO]: 	Product 25: Pure Cotton Neon Green Tshirt
[17-02:11 2025-02-13] [INFO]: 	Product 26: Soft Stretch Jeans
[17-02:11 2025-02-13] [INFO]: 	Product 27: Regular Fit Straight Jeans
[17-02:11 2025-02-13] [INFO]: 	Product 28: Grunt Blue Slim Fit Jeans
[17-02:11 2025-02-13] [INFO]: 	Product 29: Rose Pink Embroidered Maxi Dress
[17-02:11 2025-02-13] [INFO]: 	Product 30: Cotton Silk Hand Block Print Saree
[17-02:11 2025-02-13] [INFO]: 	Product 31: Rust Red Linen Saree
[17-02:11 2025-02-13] [INFO]: 	Product 32: Beautiful Peacock Blue Cotton Linen Saree
[17-02:11 2025-02-13] [INFO]: 	Product 33: Lace Top For Women
[17-02:11 2025-02-13] [INFO]: 	Product 34: GRAPHIC DESIGN MEN T SHIRT - BLUE
[18-02:46 2025-02-13] [INFO]: 	Listing all products
[18-02:46 2025-02-13] [INFO]: 	Product 1: Blue Top
[18-02:46 2025-02-13] [INFO]: 	Product 2: Men Tshirt
[18-02:46 2025-02-13] [INFO]: 	Product 3: Sleeveless Dress
[18-02:46 2025-02-13] [INFO]: 	Product 4: Stylish Dress
[18-02:46 2025-02-13] [INFO]: 	Product 5: Winter Top
[18-02:46 2025-02-13] [INFO]: 	Product 6: Summer White Top
[18-02:46 2025-02-13] [INFO]: 	Product 7: Madame Top For Women
[18-02:47 2025-02-13] [INFO]: 	Product 8: Fancy Green Top
[18-02:47 2025-02-13] [INFO]: 	Product 9: Sleeves Printed Top - White
[18-02:47 2025-02-13] [INFO]: 	Product 10: Half Sleeves Top Schiffli Detailing - Pink
[18-02:47 2025-02-13] [INFO]: 	Product 11: Frozen Tops For Kids
[18-02:47 2025-02-13] [INFO]: 	Product 12: Full Sleeves Top Cherry - Pink
[18-02:47 2025-02-13] [INFO]: 	Product 13: Printed Off Shoulder Top - White
[18-02:47 2025-02-13] [INFO]: 	Product 14: Sleeves Top and Short - Blue & Pink
[18-02:47 2025-02-13] [INFO]: 	Product 15: Little Girls Mr. Panda Shirt
[18-02:47 2025-02-13] [INFO]: 	Product 16: Sleeveless Unicorn Patch Gown - Pink
[18-02:47 2025-02-13] [INFO]: 	Product 17: Cotton Mull Embroidered Dress
[18-02:47 2025-02-13] [INFO]: 	Product 18: Blue Cotton Indie Mickey Dress
[18-02:47 2025-02-13] [INFO]: 	Product 19: Long Maxi Tulle Fancy Dress Up Outfits -Pink
[18-02:47 2025-02-13] [INFO]: 	Product 20: Sleeveless Unicorn Print Fit & Flare Net Dress - Multi
[18-02:47 2025-02-13] [INFO]: 	Product 21: Colour Blocked Shirt – Sky Blue
[18-02:47 2025-02-13] [INFO]: 	Product 22: Pure Cotton V-Neck T-Shirt
[18-02:47 2025-02-13] [INFO]: 	Product 23: Green Side Placket Detail T-Shirt
[18-02:47 2025-02-13] [INFO]: 	Product 24: Premium Polo T-Shirts
[18-02:47 2025-02-13] [INFO]: 	Product 25: Pure Cotton Neon Green Tshirt
[18-02:47 2025-02-13] [INFO]: 	Product 26: Soft Stretch Jeans
[18-02:47 2025-02-13] [INFO]: 	Product 27: Regular Fit Straight Jeans
[18-02:47 2025-02-13] [INFO]: 	Product 28: Grunt Blue Slim Fit Jeans
[18-02:47 2025-02-13] [INFO]: 	Product 29: Rose Pink Embroidered Maxi Dress
[18-02:47 2025-02-13] [INFO]: 	Product 30: Cotton Silk Hand Block Print Saree
[18-02:47 2025-02-13] [INFO]: 	Product 31: Rust Red Linen Saree
[18-02:47 2025-02-13] [INFO]: 	Product 32: Beautiful Peacock Blue Cotton Linen Saree
[18-02:47 2025-02-13] [INFO]: 	Product 33: Lace Top For Women
[18-02:47 2025-02-13] [INFO]: 	Product 34: GRAPHIC DESIGN MEN T SHIRT - BLUE
[19-02:33 2025-02-13] [INFO]: 	Listing all products
[19-02:33 2025-02-13] [INFO]: 	Product 1: Blue Top
[19-02:33 2025-02-13] [INFO]: 	Product 2: Men Tshirt
[19-02:33 2025-02-13] [INFO]: 	Product 3: Sleeveless Dress
[19-02:33 2025-02-13] [INFO]: 	Product 4: Stylish Dress
[19-02:33 2025-02-13] [INFO]: 	Product 5: Winter Top
[19-02:33 2025-02-13] [INFO]: 	Product 6: Summer White Top
[19-02:33 2025-02-13] [INFO]: 	Product 7: Madame Top For Women
[19-02:33 2025-02-13] [INFO]: 	Product 8: Fancy Green Top
[19-02:33 2025-02-13] [INFO]: 	Product 9: Sleeves Printed Top - White
[19-02:33 2025-02-13] [INFO]: 	Product 10: Half Sleeves Top Schiffli Detailing - Pink
[19-02:33 2025-02-13] [INFO]: 	Product 11: Frozen Tops For Kids
[19-02:33 2025-02-13] [INFO]: 	Product 12: Full Sleeves Top Cherry - Pink
[19-02:33 2025-02-13] [INFO]: 	Product 13: Printed Off Shoulder Top - White
[19-02:33 2025-02-13] [INFO]: 	Product 14: Sleeves Top and Short - Blue & Pink
[19-02:33 2025-02-13] [INFO]: 	Product 15: Little Girls Mr. Panda Shirt
[19-02:33 2025-02-13] [INFO]: 	Product 16: Sleeveless Unicorn Patch Gown - Pink
[19-02:33 2025-02-13] [INFO]: 	Product 17: Cotton Mull Embroidered Dress
[19-02:33 2025-02-13] [INFO]: 	Product 18: Blue Cotton Indie Mickey Dress
[19-02:33 2025-02-13] [INFO]: 	Product 19: Long Maxi Tulle Fancy Dress Up Outfits -Pink
[19-02:33 2025-02-13] [INFO]: 	Product 20: Sleeveless Unicorn Print Fit & Flare Net Dress - Multi
[19-02:33 2025-02-13] [INFO]: 	Product 21: Colour Blocked Shirt – Sky Blue
[19-02:33 2025-02-13] [INFO]: 	Product 22: Pure Cotton V-Neck T-Shirt
[19-02:33 2025-02-13] [INFO]: 	Product 23: Green Side Placket Detail T-Shirt
[19-02:33 2025-02-13] [INFO]: 	Product 24: Premium Polo T-Shirts
[19-02:33 2025-02-13] [INFO]: 	Product 25: Pure Cotton Neon Green Tshirt
[19-02:33 2025-02-13] [INFO]: 	Product 26: Soft Stretch Jeans
[19-02:33 2025-02-13] [INFO]: 	Product 27: Regular Fit Straight Jeans
[19-02:33 2025-02-13] [INFO]: 	Product 28: Grunt Blue Slim Fit Jeans
[19-02:33 2025-02-13] [INFO]: 	Product 29: Rose Pink Embroidered Maxi Dress
[19-02:33 2025-02-13] [INFO]: 	Product 30: Cotton Silk Hand Block Print Saree
[19-02:33 2025-02-13] [INFO]: 	Product 31: Rust Red Linen Saree
[19-02:33 2025-02-13] [INFO]: 	Product 32: Beautiful Peacock Blue Cotton Linen Saree
[19-02:33 2025-02-13] [INFO]: 	Product 33: Lace Top For Women
[19-02:33 2025-02-13] [INFO]: 	Product 34: GRAPHIC DESIGN MEN T SHIRT - BLUE
[19-02:38 2025-02-13] [INFO]: 	Listing all products
[19-02:38 2025-02-13] [INFO]: 	Product 1: Blue Top
[19-02:38 2025-02-13] [INFO]: 	Product 2: Men Tshirt
[19-02:38 2025-02-13] [INFO]: 	Product 3: Sleeveless Dress
[19-02:38 2025-02-13] [INFO]: 	Product 4: Stylish Dress
[19-02:38 2025-02-13] [INFO]: 	Product 5: Winter Top
[19-02:38 2025-02-13] [INFO]: 	Product 6: Summer White Top
[19-02:38 2025-02-13] [INFO]: 	Product 7: Madame Top For Women
[19-02:38 2025-02-13] [INFO]: 	Product 8: Fancy Green Top
[19-02:38 2025-02-13] [INFO]: 	Product 9: Sleeves Printed Top - White
[19-02:38 2025-02-13] [INFO]: 	Product 10: Half Sleeves Top Schiffli Detailing - Pink
[19-02:38 2025-02-13] [INFO]: 	Product 11: Frozen Tops For Kids
[19-02:38 2025-02-13] [INFO]: 	Product 12: Full Sleeves Top Cherry - Pink
[19-02:38 2025-02-13] [INFO]: 	Product 13: Printed Off Shoulder Top - White
[19-02:38 2025-02-13] [INFO]: 	Product 14: Sleeves Top and Short - Blue & Pink
[19-02:38 2025-02-13] [INFO]: 	Product 15: Little Girls Mr. Panda Shirt
[19-02:38 2025-02-13] [INFO]: 	Product 16: Sleeveless Unicorn Patch Gown - Pink
[19-02:38 2025-02-13] [INFO]: 	Product 17: Cotton Mull Embroidered Dress
[19-02:38 2025-02-13] [INFO]: 	Product 18: Blue Cotton Indie Mickey Dress
[19-02:38 2025-02-13] [INFO]: 	Product 19: Long Maxi Tulle Fancy Dress Up Outfits -Pink
[19-02:38 2025-02-13] [INFO]: 	Product 20: Sleeveless Unicorn Print Fit & Flare Net Dress - Multi
[19-02:38 2025-02-13] [INFO]: 	Product 21: Colour Blocked Shirt – Sky Blue
[19-02:38 2025-02-13] [INFO]: 	Product 22: Pure Cotton V-Neck T-Shirt
[19-02:38 2025-02-13] [INFO]: 	Product 23: Green Side Placket Detail T-Shirt
[19-02:39 2025-02-13] [INFO]: 	Product 24: Premium Polo T-Shirts
[19-02:39 2025-02-13] [INFO]: 	Product 25: Pure Cotton Neon Green Tshirt
[19-02:39 2025-02-13] [INFO]: 	Product 26: Soft Stretch Jeans
[19-02:39 2025-02-13] [INFO]: 	Product 27: Regular Fit Straight Jeans
[19-02:39 2025-02-13] [INFO]: 	Product 28: Grunt Blue Slim Fit Jeans
[19-02:39 2025-02-13] [INFO]: 	Product 29: Rose Pink Embroidered Maxi Dress
[19-02:39 2025-02-13] [INFO]: 	Product 30: Cotton Silk Hand Block Print Saree
[19-02:39 2025-02-13] [INFO]: 	Product 31: Rust Red Linen Saree
[19-02:39 2025-02-13] [INFO]: 	Product 32: Beautiful Peacock Blue Cotton Linen Saree
[19-02:39 2025-02-13] [INFO]: 	Product 33: Lace Top For Women
[19-02:39 2025-02-13] [INFO]: 	Product 34: GRAPHIC DESIGN MEN T SHIRT - BLUE
[19-02:59 2025-02-13] [INFO]: 	Listing all products
[19-02:59 2025-02-13] [INFO]: 	Product 1: Blue Top
[19-02:59 2025-02-13] [INFO]: 	Product 2: Men Tshirt
[19-02:59 2025-02-13] [INFO]: 	Product 3: Sleeveless Dress
[19-02:59 2025-02-13] [INFO]: 	Product 4: Stylish Dress
[19-02:59 2025-02-13] [INFO]: 	Product 5: Winter Top
[19-02:59 2025-02-13] [INFO]: 	Product 6: Summer White Top
[19-02:59 2025-02-13] [INFO]: 	Product 7: Madame Top For Women
[19-02:59 2025-02-13] [INFO]: 	Product 8: Fancy Green Top
[19-02:59 2025-02-13] [INFO]: 	Product 9: Sleeves Printed Top - White
[19-02:59 2025-02-13] [INFO]: 	Product 10: Half Sleeves Top Schiffli Detailing - Pink
[19-02:59 2025-02-13] [INFO]: 	Product 11: Frozen Tops For Kids
[19-02:59 2025-02-13] [INFO]: 	Product 12: Full Sleeves Top Cherry - Pink
[19-02:59 2025-02-13] [INFO]: 	Product 13: Printed Off Shoulder Top - White
[19-02:59 2025-02-13] [INFO]: 	Product 14: Sleeves Top and Short - Blue & Pink
[19-02:59 2025-02-13] [INFO]: 	Product 15: Little Girls Mr. Panda Shirt
[19-02:59 2025-02-13] [INFO]: 	Product 16: Sleeveless Unicorn Patch Gown - Pink
[19-02:59 2025-02-13] [INFO]: 	Product 17: Cotton Mull Embroidered Dress
[19-02:59 2025-02-13] [INFO]: 	Product 18: Blue Cotton Indie Mickey Dress
[19-02:59 2025-02-13] [INFO]: 	Product 19: Long Maxi Tulle Fancy Dress Up Outfits -Pink
[19-02:59 2025-02-13] [INFO]: 	Product 20: Sleeveless Unicorn Print Fit & Flare Net Dress - Multi
[19-02:59 2025-02-13] [INFO]: 	Product 21: Colour Blocked Shirt – Sky Blue
[19-02:59 2025-02-13] [INFO]: 	Product 22: Pure Cotton V-Neck T-Shirt
[19-02:59 2025-02-13] [INFO]: 	Product 23: Green Side Placket Detail T-Shirt
[19-02:59 2025-02-13] [INFO]: 	Product 24: Premium Polo T-Shirts
[19-02:59 2025-02-13] [INFO]: 	Product 25: Pure Cotton Neon Green Tshirt
[19-02:59 2025-02-13] [INFO]: 	Product 26: Soft Stretch Jeans
[19-02:59 2025-02-13] [INFO]: 	Product 27: Regular Fit Straight Jeans
[19-02:59 2025-02-13] [INFO]: 	Product 28: Grunt Blue Slim Fit Jeans
[19-02:59 2025-02-13] [INFO]: 	Product 29: Rose Pink Embroidered Maxi Dress
[19-02:59 2025-02-13] [INFO]: 	Product 30: Cotton Silk Hand Block Print Saree
[19-02:59 2025-02-13] [INFO]: 	Product 31: Rust Red Linen Saree
[19-02:59 2025-02-13] [INFO]: 	Product 32: Beautiful Peacock Blue Cotton Linen Saree
[19-02:59 2025-02-13] [INFO]: 	Product 33: Lace Top For Women
[19-02:59 2025-02-13] [INFO]: 	Product 34: GRAPHIC DESIGN MEN T SHIRT - BLUE
[19-02:00 2025-02-13] [INFO]: 	Waiting for page load
[19-02:15 2025-02-13] [INFO]: 	Navigating to Products page
[19-02:45 2025-02-13] [INFO]: 	Navigating to Products page
[19-02:46 2025-02-13] [INFO]: 	Listing all products
[19-02:46 2025-02-13] [INFO]: 	Product 1: Blue Top
[19-02:46 2025-02-13] [INFO]: 	Product 2: Men Tshirt
[19-02:46 2025-02-13] [INFO]: 	Product 3: Sleeveless Dress
[19-02:46 2025-02-13] [INFO]: 	Product 4: Stylish Dress
[19-02:46 2025-02-13] [INFO]: 	Product 5: Winter Top
[19-02:46 2025-02-13] [INFO]: 	Product 6: Summer White Top
[19-02:46 2025-02-13] [INFO]: 	Product 7: Madame Top For Women
[19-02:46 2025-02-13] [INFO]: 	Product 8: Fancy Green Top
[19-02:46 2025-02-13] [INFO]: 	Product 9: Sleeves Printed Top - White
[19-02:46 2025-02-13] [INFO]: 	Product 10: Half Sleeves Top Schiffli Detailing - Pink
[19-02:46 2025-02-13] [INFO]: 	Product 11: Frozen Tops For Kids
[19-02:46 2025-02-13] [INFO]: 	Product 12: Full Sleeves Top Cherry - Pink
[19-02:46 2025-02-13] [INFO]: 	Product 13: Printed Off Shoulder Top - White
[19-02:46 2025-02-13] [INFO]: 	Product 14: Sleeves Top and Short - Blue & Pink
[19-02:46 2025-02-13] [INFO]: 	Product 15: Little Girls Mr. Panda Shirt
[19-02:46 2025-02-13] [INFO]: 	Product 16: Sleeveless Unicorn Patch Gown - Pink
[19-02:46 2025-02-13] [INFO]: 	Product 17: Cotton Mull Embroidered Dress
[19-02:46 2025-02-13] [INFO]: 	Product 18: Blue Cotton Indie Mickey Dress
[19-02:46 2025-02-13] [INFO]: 	Product 19: Long Maxi Tulle Fancy Dress Up Outfits -Pink
[19-02:46 2025-02-13] [INFO]: 	Product 20: Sleeveless Unicorn Print Fit & Flare Net Dress - Multi
[19-02:46 2025-02-13] [INFO]: 	Product 21: Colour Blocked Shirt – Sky Blue
[19-02:46 2025-02-13] [INFO]: 	Product 22: Pure Cotton V-Neck T-Shirt
[19-02:46 2025-02-13] [INFO]: 	Product 23: Green Side Placket Detail T-Shirt
[19-02:46 2025-02-13] [INFO]: 	Product 24: Premium Polo T-Shirts
[19-02:46 2025-02-13] [INFO]: 	Product 25: Pure Cotton Neon Green Tshirt
[19-02:46 2025-02-13] [INFO]: 	Product 26: Soft Stretch Jeans
[19-02:46 2025-02-13] [INFO]: 	Product 27: Regular Fit Straight Jeans
[19-02:46 2025-02-13] [INFO]: 	Product 28: Grunt Blue Slim Fit Jeans
[19-02:46 2025-02-13] [INFO]: 	Product 29: Rose Pink Embroidered Maxi Dress
[19-02:46 2025-02-13] [INFO]: 	Product 30: Cotton Silk Hand Block Print Saree
[19-02:46 2025-02-13] [INFO]: 	Product 31: Rust Red Linen Saree
[19-02:46 2025-02-13] [INFO]: 	Product 32: Beautiful Peacock Blue Cotton Linen Saree
[19-02:46 2025-02-13] [INFO]: 	Product 33: Lace Top For Women
[19-02:46 2025-02-13] [INFO]: 	Product 34: GRAPHIC DESIGN MEN T SHIRT - BLUE
[19-02:46 2025-02-13] [INFO]: 	Setting quantity to 4
[19-02:46 2025-02-13] [INFO]: 	Setting quantity to 4
[19-02:47 2025-02-13] [INFO]: 	Adding product to cart
[19-02:47 2025-02-13] [INFO]: 	Adding product to cart
[21-02:34 2025-02-13] [INFO]: 	Navigating to Products page
[21-02:35 2025-02-13] [INFO]: 	Listing all products
[21-02:35 2025-02-13] [INFO]: 	Product 1: Blue Top
[21-02:35 2025-02-13] [INFO]: 	Product 2: Men Tshirt
[21-02:35 2025-02-13] [INFO]: 	Product 3: Sleeveless Dress
[21-02:35 2025-02-13] [INFO]: 	Product 4: Stylish Dress
[21-02:35 2025-02-13] [INFO]: 	Product 5: Winter Top
[21-02:35 2025-02-13] [INFO]: 	Product 6: Summer White Top
[21-02:35 2025-02-13] [INFO]: 	Product 7: Madame Top For Women
[21-02:35 2025-02-13] [INFO]: 	Product 8: Fancy Green Top
[21-02:35 2025-02-13] [INFO]: 	Product 9: Sleeves Printed Top - White
[21-02:35 2025-02-13] [INFO]: 	Product 10: Half Sleeves Top Schiffli Detailing - Pink
[21-02:35 2025-02-13] [INFO]: 	Product 11: Frozen Tops For Kids
[21-02:35 2025-02-13] [INFO]: 	Product 12: Full Sleeves Top Cherry - Pink
[21-02:35 2025-02-13] [INFO]: 	Product 13: Printed Off Shoulder Top - White
[21-02:35 2025-02-13] [INFO]: 	Product 14: Sleeves Top and Short - Blue & Pink
[21-02:35 2025-02-13] [INFO]: 	Product 15: Little Girls Mr. Panda Shirt
[21-02:35 2025-02-13] [INFO]: 	Product 16: Sleeveless Unicorn Patch Gown - Pink
[21-02:35 2025-02-13] [INFO]: 	Product 17: Cotton Mull Embroidered Dress
[21-02:35 2025-02-13] [INFO]: 	Product 18: Blue Cotton Indie Mickey Dress
[21-02:35 2025-02-13] [INFO]: 	Product 19: Long Maxi Tulle Fancy Dress Up Outfits -Pink
[21-02:35 2025-02-13] [INFO]: 	Product 20: Sleeveless Unicorn Print Fit & Flare Net Dress - Multi
[21-02:35 2025-02-13] [INFO]: 	Product 21: Colour Blocked Shirt – Sky Blue
[21-02:35 2025-02-13] [INFO]: 	Product 22: Pure Cotton V-Neck T-Shirt
[21-02:35 2025-02-13] [INFO]: 	Product 23: Green Side Placket Detail T-Shirt
[21-02:36 2025-02-13] [INFO]: 	Product 24: Premium Polo T-Shirts
[21-02:36 2025-02-13] [INFO]: 	Product 25: Pure Cotton Neon Green Tshirt
[21-02:36 2025-02-13] [INFO]: 	Product 26: Soft Stretch Jeans
[21-02:36 2025-02-13] [INFO]: 	Product 27: Regular Fit Straight Jeans
[21-02:36 2025-02-13] [INFO]: 	Product 28: Grunt Blue Slim Fit Jeans
[21-02:36 2025-02-13] [INFO]: 	Product 29: Rose Pink Embroidered Maxi Dress
[21-02:36 2025-02-13] [INFO]: 	Product 30: Cotton Silk Hand Block Print Saree
[21-02:36 2025-02-13] [INFO]: 	Product 31: Rust Red Linen Saree
[21-02:36 2025-02-13] [INFO]: 	Product 32: Beautiful Peacock Blue Cotton Linen Saree
[21-02:36 2025-02-13] [INFO]: 	Product 33: Lace Top For Women
[21-02:36 2025-02-13] [INFO]: 	Product 34: GRAPHIC DESIGN MEN T SHIRT - BLUE
[21-02:36 2025-02-13] [INFO]: 	Setting quantity to 12
[21-02:36 2025-02-13] [INFO]: 	Setting quantity to 12
[21-02:36 2025-02-13] [INFO]: 	Adding product to cart
[21-02:36 2025-02-13] [INFO]: 	Adding product to cart
[21-02:38 2025-02-13] [INFO]: 	Viewing product in cart
[21-02:38 2025-02-13] [INFO]: 	Proceeding to checkout
[21-02:38 2025-02-13] [INFO]: 	Registering new user
[21-02:38 2025-02-13] [INFO]: 	Signing up new user
[21-02:08 2025-02-13] [INFO]: 	Navigating to Products page
[21-02:09 2025-02-13] [INFO]: 	Listing all products
[21-02:09 2025-02-13] [INFO]: 	Product 1: Blue Top
[21-02:09 2025-02-13] [INFO]: 	Product 2: Men Tshirt
[21-02:09 2025-02-13] [INFO]: 	Product 3: Sleeveless Dress
[21-02:09 2025-02-13] [INFO]: 	Product 4: Stylish Dress
[21-02:09 2025-02-13] [INFO]: 	Product 5: Winter Top
[21-02:09 2025-02-13] [INFO]: 	Product 6: Summer White Top
[21-02:09 2025-02-13] [INFO]: 	Product 7: Madame Top For Women
[21-02:09 2025-02-13] [INFO]: 	Product 8: Fancy Green Top
[21-02:09 2025-02-13] [INFO]: 	Product 9: Sleeves Printed Top - White
[21-02:09 2025-02-13] [INFO]: 	Product 10: Half Sleeves Top Schiffli Detailing - Pink
[21-02:09 2025-02-13] [INFO]: 	Product 11: Frozen Tops For Kids
[21-02:09 2025-02-13] [INFO]: 	Product 12: Full Sleeves Top Cherry - Pink
[21-02:09 2025-02-13] [INFO]: 	Product 13: Printed Off Shoulder Top - White
[21-02:09 2025-02-13] [INFO]: 	Product 14: Sleeves Top and Short - Blue & Pink
[21-02:09 2025-02-13] [INFO]: 	Product 15: Little Girls Mr. Panda Shirt
[21-02:09 2025-02-13] [INFO]: 	Product 16: Sleeveless Unicorn Patch Gown - Pink
[21-02:09 2025-02-13] [INFO]: 	Product 17: Cotton Mull Embroidered Dress
[21-02:09 2025-02-13] [INFO]: 	Product 18: Blue Cotton Indie Mickey Dress
[21-02:09 2025-02-13] [INFO]: 	Product 19: Long Maxi Tulle Fancy Dress Up Outfits -Pink
[21-02:09 2025-02-13] [INFO]: 	Product 20: Sleeveless Unicorn Print Fit & Flare Net Dress - Multi
[21-02:09 2025-02-13] [INFO]: 	Product 21: Colour Blocked Shirt – Sky Blue
[21-02:09 2025-02-13] [INFO]: 	Product 22: Pure Cotton V-Neck T-Shirt
[21-02:09 2025-02-13] [INFO]: 	Product 23: Green Side Placket Detail T-Shirt
[21-02:09 2025-02-13] [INFO]: 	Product 24: Premium Polo T-Shirts
[21-02:09 2025-02-13] [INFO]: 	Product 25: Pure Cotton Neon Green Tshirt
[21-02:09 2025-02-13] [INFO]: 	Product 26: Soft Stretch Jeans
[21-02:09 2025-02-13] [INFO]: 	Product 27: Regular Fit Straight Jeans
[21-02:09 2025-02-13] [INFO]: 	Product 28: Grunt Blue Slim Fit Jeans
[21-02:09 2025-02-13] [INFO]: 	Product 29: Rose Pink Embroidered Maxi Dress
[21-02:09 2025-02-13] [INFO]: 	Product 30: Cotton Silk Hand Block Print Saree
[21-02:09 2025-02-13] [INFO]: 	Product 31: Rust Red Linen Saree
[21-02:09 2025-02-13] [INFO]: 	Product 32: Beautiful Peacock Blue Cotton Linen Saree
[21-02:09 2025-02-13] [INFO]: 	Product 33: Lace Top For Women
[21-02:09 2025-02-13] [INFO]: 	Product 34: GRAPHIC DESIGN MEN T SHIRT - BLUE
[21-02:09 2025-02-13] [INFO]: 	Setting quantity to 14
[21-02:09 2025-02-13] [INFO]: 	Setting quantity to 14
[21-02:10 2025-02-13] [INFO]: 	Adding product to cart
[21-02:10 2025-02-13] [INFO]: 	Adding product to cart
[21-02:11 2025-02-13] [INFO]: 	Viewing product in cart
[21-02:11 2025-02-13] [INFO]: 	Proceeding to checkout
[21-02:11 2025-02-13] [INFO]: 	Registering new user
[21-02:11 2025-02-13] [INFO]: 	Signing up new user
[21-02:12 2025-02-13] [INFO]: 	Entering new user details
[21-02:41 2025-02-13] [INFO]: 	Navigating to Products page
[21-02:42 2025-02-13] [INFO]: 	Listing all products
[21-02:42 2025-02-13] [INFO]: 	Product 1: Blue Top
[21-02:42 2025-02-13] [INFO]: 	Product 2: Men Tshirt
[21-02:42 2025-02-13] [INFO]: 	Product 3: Sleeveless Dress
[21-02:42 2025-02-13] [INFO]: 	Product 4: Stylish Dress
[21-02:42 2025-02-13] [INFO]: 	Product 5: Winter Top
[21-02:42 2025-02-13] [INFO]: 	Product 6: Summer White Top
[21-02:42 2025-02-13] [INFO]: 	Product 7: Madame Top For Women
[21-02:42 2025-02-13] [INFO]: 	Product 8: Fancy Green Top
[21-02:42 2025-02-13] [INFO]: 	Product 9: Sleeves Printed Top - White
[21-02:42 2025-02-13] [INFO]: 	Product 10: Half Sleeves Top Schiffli Detailing - Pink
[21-02:42 2025-02-13] [INFO]: 	Product 11: Frozen Tops For Kids
[21-02:42 2025-02-13] [INFO]: 	Product 12: Full Sleeves Top Cherry - Pink
[21-02:42 2025-02-13] [INFO]: 	Product 13: Printed Off Shoulder Top - White
[21-02:42 2025-02-13] [INFO]: 	Product 14: Sleeves Top and Short - Blue & Pink
[21-02:42 2025-02-13] [INFO]: 	Product 15: Little Girls Mr. Panda Shirt
[21-02:42 2025-02-13] [INFO]: 	Product 16: Sleeveless Unicorn Patch Gown - Pink
[21-02:42 2025-02-13] [INFO]: 	Product 17: Cotton Mull Embroidered Dress
[21-02:42 2025-02-13] [INFO]: 	Product 18: Blue Cotton Indie Mickey Dress
[21-02:42 2025-02-13] [INFO]: 	Product 19: Long Maxi Tulle Fancy Dress Up Outfits -Pink
[21-02:42 2025-02-13] [INFO]: 	Product 20: Sleeveless Unicorn Print Fit & Flare Net Dress - Multi
[21-02:42 2025-02-13] [INFO]: 	Product 21: Colour Blocked Shirt – Sky Blue
[21-02:42 2025-02-13] [INFO]: 	Product 22: Pure Cotton V-Neck T-Shirt
[21-02:42 2025-02-13] [INFO]: 	Product 23: Green Side Placket Detail T-Shirt
[21-02:42 2025-02-13] [INFO]: 	Product 24: Premium Polo T-Shirts
[21-02:42 2025-02-13] [INFO]: 	Product 25: Pure Cotton Neon Green Tshirt
[21-02:42 2025-02-13] [INFO]: 	Product 26: Soft Stretch Jeans
[21-02:42 2025-02-13] [INFO]: 	Product 27: Regular Fit Straight Jeans
[21-02:42 2025-02-13] [INFO]: 	Product 28: Grunt Blue Slim Fit Jeans
[21-02:42 2025-02-13] [INFO]: 	Product 29: Rose Pink Embroidered Maxi Dress
[21-02:42 2025-02-13] [INFO]: 	Product 30: Cotton Silk Hand Block Print Saree
[21-02:42 2025-02-13] [INFO]: 	Product 31: Rust Red Linen Saree
[21-02:42 2025-02-13] [INFO]: 	Product 32: Beautiful Peacock Blue Cotton Linen Saree
[21-02:42 2025-02-13] [INFO]: 	Product 33: Lace Top For Women
[21-02:42 2025-02-13] [INFO]: 	Product 34: GRAPHIC DESIGN MEN T SHIRT - BLUE
[21-02:42 2025-02-13] [INFO]: 	Setting quantity to 14
[21-02:42 2025-02-13] [INFO]: 	Setting quantity to 14
[21-02:43 2025-02-13] [INFO]: 	Adding product to cart
[21-02:43 2025-02-13] [INFO]: 	Adding product to cart
[21-02:44 2025-02-13] [INFO]: 	Viewing product in cart
[21-02:44 2025-02-13] [INFO]: 	Proceeding to checkout
[21-02:44 2025-02-13] [INFO]: 	Registering new user
[21-02:44 2025-02-13] [INFO]: 	Signing up new user
[21-02:45 2025-02-13] [INFO]: 	Entering new user details
[21-02:08 2025-02-13] [INFO]: 	Navigating to Products page
[21-02:09 2025-02-13] [INFO]: 	Listing all products
[21-02:09 2025-02-13] [INFO]: 	Product 1: Blue Top
[21-02:09 2025-02-13] [INFO]: 	Product 2: Men Tshirt
[21-02:09 2025-02-13] [INFO]: 	Product 3: Sleeveless Dress
[21-02:09 2025-02-13] [INFO]: 	Product 4: Stylish Dress
[21-02:09 2025-02-13] [INFO]: 	Product 5: Winter Top
[21-02:09 2025-02-13] [INFO]: 	Product 6: Summer White Top
[21-02:09 2025-02-13] [INFO]: 	Product 7: Madame Top For Women
[21-02:09 2025-02-13] [INFO]: 	Product 8: Fancy Green Top
[21-02:09 2025-02-13] [INFO]: 	Product 9: Sleeves Printed Top - White
[21-02:09 2025-02-13] [INFO]: 	Product 10: Half Sleeves Top Schiffli Detailing - Pink
[21-02:09 2025-02-13] [INFO]: 	Product 11: Frozen Tops For Kids
[21-02:09 2025-02-13] [INFO]: 	Product 12: Full Sleeves Top Cherry - Pink
[21-02:09 2025-02-13] [INFO]: 	Product 13: Printed Off Shoulder Top - White
[21-02:09 2025-02-13] [INFO]: 	Product 14: Sleeves Top and Short - Blue & Pink
[21-02:09 2025-02-13] [INFO]: 	Product 15: Little Girls Mr. Panda Shirt
[21-02:09 2025-02-13] [INFO]: 	Product 16: Sleeveless Unicorn Patch Gown - Pink
[21-02:09 2025-02-13] [INFO]: 	Product 17: Cotton Mull Embroidered Dress
[21-02:09 2025-02-13] [INFO]: 	Product 18: Blue Cotton Indie Mickey Dress
[21-02:09 2025-02-13] [INFO]: 	Product 19: Long Maxi Tulle Fancy Dress Up Outfits -Pink
[21-02:09 2025-02-13] [INFO]: 	Product 20: Sleeveless Unicorn Print Fit & Flare Net Dress - Multi
[21-02:09 2025-02-13] [INFO]: 	Product 21: Colour Blocked Shirt – Sky Blue
[21-02:09 2025-02-13] [INFO]: 	Product 22: Pure Cotton V-Neck T-Shirt
[21-02:09 2025-02-13] [INFO]: 	Product 23: Green Side Placket Detail T-Shirt
[21-02:09 2025-02-13] [INFO]: 	Product 24: Premium Polo T-Shirts
[21-02:09 2025-02-13] [INFO]: 	Product 25: Pure Cotton Neon Green Tshirt
[21-02:09 2025-02-13] [INFO]: 	Product 26: Soft Stretch Jeans
[21-02:09 2025-02-13] [INFO]: 	Product 27: Regular Fit Straight Jeans
[21-02:09 2025-02-13] [INFO]: 	Product 28: Grunt Blue Slim Fit Jeans
[21-02:09 2025-02-13] [INFO]: 	Product 29: Rose Pink Embroidered Maxi Dress
[21-02:09 2025-02-13] [INFO]: 	Product 30: Cotton Silk Hand Block Print Saree
[21-02:09 2025-02-13] [INFO]: 	Product 31: Rust Red Linen Saree
[21-02:09 2025-02-13] [INFO]: 	Product 32: Beautiful Peacock Blue Cotton Linen Saree
[21-02:09 2025-02-13] [INFO]: 	Product 33: Lace Top For Women
[21-02:09 2025-02-13] [INFO]: 	Product 34: GRAPHIC DESIGN MEN T SHIRT - BLUE
[21-02:09 2025-02-13] [INFO]: 	Setting quantity to 4
[21-02:09 2025-02-13] [INFO]: 	Setting quantity to 4
[21-02:11 2025-02-13] [INFO]: 	Adding product to cart
[21-02:11 2025-02-13] [INFO]: 	Adding product to cart
[21-02:12 2025-02-13] [INFO]: 	Viewing product in cart
[21-02:12 2025-02-13] [INFO]: 	Proceeding to checkout
[21-02:12 2025-02-13] [INFO]: 	Registering new user
[21-02:12 2025-02-13] [INFO]: 	Signing up new user
[21-02:14 2025-02-13] [INFO]: 	Entering new user details
[22-02:07 2025-02-13] [INFO]: 	Navigating to Products page
[22-02:49 2025-02-13] [INFO]: 	Navigating to Products page
[22-02:21 2025-02-13] [INFO]: 	Navigating to Products page
[22-02:21 2025-02-13] [INFO]: 	Listing all products
[22-02:21 2025-02-13] [INFO]: 	Product 1: Blue Top
[22-02:21 2025-02-13] [INFO]: 	Product 2: Men Tshirt
[22-02:21 2025-02-13] [INFO]: 	Product 3: Sleeveless Dress
[22-02:21 2025-02-13] [INFO]: 	Product 4: Stylish Dress
[22-02:21 2025-02-13] [INFO]: 	Product 5: Winter Top
[22-02:21 2025-02-13] [INFO]: 	Product 6: Summer White Top
[22-02:21 2025-02-13] [INFO]: 	Product 7: Madame Top For Women
[22-02:21 2025-02-13] [INFO]: 	Product 8: Fancy Green Top
[22-02:21 2025-02-13] [INFO]: 	Product 9: Sleeves Printed Top - White
[22-02:21 2025-02-13] [INFO]: 	Product 10: Half Sleeves Top Schiffli Detailing - Pink
[22-02:21 2025-02-13] [INFO]: 	Product 11: Frozen Tops For Kids
[22-02:21 2025-02-13] [INFO]: 	Product 12: Full Sleeves Top Cherry - Pink
[22-02:21 2025-02-13] [INFO]: 	Product 13: Printed Off Shoulder Top - White
[22-02:21 2025-02-13] [INFO]: 	Product 14: Sleeves Top and Short - Blue & Pink
[22-02:21 2025-02-13] [INFO]: 	Product 15: Little Girls Mr. Panda Shirt
[22-02:21 2025-02-13] [INFO]: 	Product 16: Sleeveless Unicorn Patch Gown - Pink
[22-02:21 2025-02-13] [INFO]: 	Product 17: Cotton Mull Embroidered Dress
[22-02:21 2025-02-13] [INFO]: 	Product 18: Blue Cotton Indie Mickey Dress
[22-02:21 2025-02-13] [INFO]: 	Product 19: Long Maxi Tulle Fancy Dress Up Outfits -Pink
[22-02:21 2025-02-13] [INFO]: 	Product 20: Sleeveless Unicorn Print Fit & Flare Net Dress - Multi
[22-02:21 2025-02-13] [INFO]: 	Product 21: Colour Blocked Shirt – Sky Blue
[22-02:21 2025-02-13] [INFO]: 	Product 22: Pure Cotton V-Neck T-Shirt
[22-02:21 2025-02-13] [INFO]: 	Product 23: Green Side Placket Detail T-Shirt
[22-02:21 2025-02-13] [INFO]: 	Product 24: Premium Polo T-Shirts
[22-02:21 2025-02-13] [INFO]: 	Product 25: Pure Cotton Neon Green Tshirt
[22-02:21 2025-02-13] [INFO]: 	Product 26: Soft Stretch Jeans
[22-02:21 2025-02-13] [INFO]: 	Product 27: Regular Fit Straight Jeans
[22-02:21 2025-02-13] [INFO]: 	Product 28: Grunt Blue Slim Fit Jeans
[22-02:22 2025-02-13] [INFO]: 	Product 29: Rose Pink Embroidered Maxi Dress
[22-02:22 2025-02-13] [INFO]: 	Product 30: Cotton Silk Hand Block Print Saree
[22-02:22 2025-02-13] [INFO]: 	Product 31: Rust Red Linen Saree
[22-02:22 2025-02-13] [INFO]: 	Product 32: Beautiful Peacock Blue Cotton Linen Saree
[22-02:22 2025-02-13] [INFO]: 	Product 33: Lace Top For Women
[22-02:22 2025-02-13] [INFO]: 	Product 34: GRAPHIC DESIGN MEN T SHIRT - BLUE
[22-02:22 2025-02-13] [INFO]: 	Setting quantity to 4
[22-02:22 2025-02-13] [INFO]: 	Setting quantity to 4
[22-02:22 2025-02-13] [INFO]: 	Adding product to cart
[22-02:22 2025-02-13] [INFO]: 	Adding product to cart
[22-02:23 2025-02-13] [INFO]: 	Viewing product in cart
[22-02:23 2025-02-13] [INFO]: 	Proceeding to checkout
[22-02:23 2025-02-13] [INFO]: 	Registering new user
[22-02:23 2025-02-13] [INFO]: 	Signing up new user
[22-02:24 2025-02-13] [INFO]: 	Entering new user details
[22-02:29 2025-02-13] [INFO]: 	Verifying account creation
[13-02:58 2025-02-14] [INFO]: 	Running Lighthouse audit on homepage
[13-02:58 2025-02-14] [INFO]: 	Running Lighthouse audit on homepage
[13-02:07 2025-02-14] [INFO]: 	Running Lighthouse audit on homepage
[13-02:16 2025-02-14] [INFO]: 	Running Lighthouse audit on homepage
[13-02:19 2025-02-14] [INFO]: 	Running Lighthouse audit on homepage
[14-02:33 2025-02-14] [INFO]: 	Running Lighthouse audit on homepage
[14-02:43 2025-02-14] [INFO]: 	Running Lighthouse audit on homepage
[14-02:14 2025-02-14] [INFO]: 	Running Lighthouse audit on homepage
[14-02:42 2025-02-14] [INFO]: 	Running Lighthouse audit on homepage
[14-02:45 2025-02-14] [INFO]: 	Running Lighthouse audit on homepage
[14-02:46 2025-02-14] [INFO]: 	Running Lighthouse audit on homepage
[14-02:53 2025-02-14] [INFO]: 	Running Lighthouse audit on homepage
[14-02:02 2025-02-14] [INFO]: 	Running Lighthouse audit on homepage
[14-02:17 2025-02-14] [INFO]: 	Running Lighthouse audit on homepage
[14-02:32 2025-02-14] [INFO]: 	Running Lighthouse audit on homepage
[14-02:16 2025-02-14] [INFO]: 	Running Lighthouse audit on homepage
[14-02:24 2025-02-14] [INFO]: 	Running Lighthouse audit on homepage
[14-02:11 2025-02-14] [INFO]: 	Running Lighthouse audit on homepage
[14-02:29 2025-02-14] [INFO]: 	Running Lighthouse audit on homepage
[15-02:54 2025-02-14] [INFO]: 	Running Lighthouse audit on homepage
[15-02:56 2025-02-14] [INFO]: 	Running Lighthouse audit on homepage
[15-02:33 2025-02-14] [INFO]: 	performance: 27
[15-02:33 2025-02-14] [INFO]: 	accessibility: 84
[15-02:33 2025-02-14] [INFO]: 	best-practices: 56
[15-02:33 2025-02-14] [INFO]: 	seo: 83
[15-02:04 2025-02-14] [INFO]: 	Running Lighthouse audit on homepage
[15-02:07 2025-02-14] [INFO]: 	Navigating to Products page
[15-02:07 2025-02-14] [INFO]: 	Listing all products
[15-02:08 2025-02-14] [INFO]: 	Product 1: Blue Top
[15-02:08 2025-02-14] [INFO]: 	Product 2: Men Tshirt
[15-02:08 2025-02-14] [INFO]: 	Product 3: Sleeveless Dress
[15-02:08 2025-02-14] [INFO]: 	Product 4: Stylish Dress
[15-02:08 2025-02-14] [INFO]: 	Product 5: Winter Top
[15-02:08 2025-02-14] [INFO]: 	Product 6: Summer White Top
[15-02:08 2025-02-14] [INFO]: 	Product 7: Madame Top For Women
[15-02:08 2025-02-14] [INFO]: 	Product 8: Fancy Green Top
[15-02:08 2025-02-14] [INFO]: 	Product 9: Sleeves Printed Top - White
[15-02:08 2025-02-14] [INFO]: 	Product 10: Half Sleeves Top Schiffli Detailing - Pink
[15-02:08 2025-02-14] [INFO]: 	Product 11: Frozen Tops For Kids
[15-02:08 2025-02-14] [INFO]: 	Product 12: Full Sleeves Top Cherry - Pink
[15-02:08 2025-02-14] [INFO]: 	Product 13: Printed Off Shoulder Top - White
[15-02:08 2025-02-14] [INFO]: 	Product 14: Sleeves Top and Short - Blue & Pink
[15-02:08 2025-02-14] [INFO]: 	Product 15: Little Girls Mr. Panda Shirt
[15-02:08 2025-02-14] [INFO]: 	Product 16: Sleeveless Unicorn Patch Gown - Pink
[15-02:08 2025-02-14] [INFO]: 	Product 17: Cotton Mull Embroidered Dress
[15-02:08 2025-02-14] [INFO]: 	Product 18: Blue Cotton Indie Mickey Dress
[15-02:08 2025-02-14] [INFO]: 	Product 19: Long Maxi Tulle Fancy Dress Up Outfits -Pink
[15-02:08 2025-02-14] [INFO]: 	Product 20: Sleeveless Unicorn Print Fit & Flare Net Dress - Multi
[15-02:08 2025-02-14] [INFO]: 	Product 21: Colour Blocked Shirt – Sky Blue
[15-02:08 2025-02-14] [INFO]: 	Product 22: Pure Cotton V-Neck T-Shirt
[15-02:08 2025-02-14] [INFO]: 	Product 23: Green Side Placket Detail T-Shirt
[15-02:08 2025-02-14] [INFO]: 	Product 24: Premium Polo T-Shirts
[15-02:08 2025-02-14] [INFO]: 	Product 25: Pure Cotton Neon Green Tshirt
[15-02:08 2025-02-14] [INFO]: 	Product 26: Soft Stretch Jeans
[15-02:08 2025-02-14] [INFO]: 	Product 27: Regular Fit Straight Jeans
[15-02:08 2025-02-14] [INFO]: 	Product 28: Grunt Blue Slim Fit Jeans
[15-02:08 2025-02-14] [INFO]: 	Product 29: Rose Pink Embroidered Maxi Dress
[15-02:08 2025-02-14] [INFO]: 	Product 30: Cotton Silk Hand Block Print Saree
[15-02:08 2025-02-14] [INFO]: 	Product 31: Rust Red Linen Saree
[15-02:08 2025-02-14] [INFO]: 	Product 32: Beautiful Peacock Blue Cotton Linen Saree
[15-02:08 2025-02-14] [INFO]: 	Product 33: Lace Top For Women
[15-02:08 2025-02-14] [INFO]: 	Product 34: GRAPHIC DESIGN MEN T SHIRT - BLUE
[15-02:08 2025-02-14] [INFO]: 	Setting quantity to 15
[15-02:08 2025-02-14] [INFO]: 	Setting quantity to 15
[15-02:09 2025-02-14] [INFO]: 	Adding product to cart
[15-02:09 2025-02-14] [INFO]: 	Adding product to cart
[15-02:10 2025-02-14] [INFO]: 	Viewing product in cart
[15-02:10 2025-02-14] [INFO]: 	Proceeding to checkout
[15-02:10 2025-02-14] [INFO]: 	Registering new user
[15-02:10 2025-02-14] [INFO]: 	Signing up new user
[15-02:11 2025-02-14] [INFO]: 	Entering new user details
[15-02:13 2025-02-14] [INFO]: 	Verifying account creation
[15-02:14 2025-02-14] [INFO]: 	Logging out
[15-02:49 2025-02-14] [INFO]: 	performance: 2
[15-02:49 2025-02-14] [INFO]: 	accessibility: 84
[15-02:49 2025-02-14] [INFO]: 	best-practices: 56
[15-02:49 2025-02-14] [INFO]: 	seo: 83
[15-02:54 2025-02-14] [INFO]: 	Navigating to Products page
[15-02:55 2025-02-14] [INFO]: 	Listing all products
[15-02:55 2025-02-14] [INFO]: 	Product 1: Blue Top
[15-02:55 2025-02-14] [INFO]: 	Product 2: Men Tshirt
[15-02:55 2025-02-14] [INFO]: 	Product 3: Sleeveless Dress
[15-02:55 2025-02-14] [INFO]: 	Product 4: Stylish Dress
[15-02:55 2025-02-14] [INFO]: 	Product 5: Winter Top
[15-02:55 2025-02-14] [INFO]: 	Product 6: Summer White Top
[15-02:55 2025-02-14] [INFO]: 	Product 7: Madame Top For Women
[15-02:55 2025-02-14] [INFO]: 	Product 8: Fancy Green Top
[15-02:55 2025-02-14] [INFO]: 	Product 9: Sleeves Printed Top - White
[15-02:55 2025-02-14] [INFO]: 	Product 10: Half Sleeves Top Schiffli Detailing - Pink
[15-02:55 2025-02-14] [INFO]: 	Product 11: Frozen Tops For Kids
[15-02:55 2025-02-14] [INFO]: 	Product 12: Full Sleeves Top Cherry - Pink
[15-02:55 2025-02-14] [INFO]: 	Product 13: Printed Off Shoulder Top - White
[15-02:55 2025-02-14] [INFO]: 	Product 14: Sleeves Top and Short - Blue & Pink
[15-02:55 2025-02-14] [INFO]: 	Product 15: Little Girls Mr. Panda Shirt
[15-02:55 2025-02-14] [INFO]: 	Product 16: Sleeveless Unicorn Patch Gown - Pink
[15-02:55 2025-02-14] [INFO]: 	Product 17: Cotton Mull Embroidered Dress
[15-02:55 2025-02-14] [INFO]: 	Product 18: Blue Cotton Indie Mickey Dress
[15-02:55 2025-02-14] [INFO]: 	Product 19: Long Maxi Tulle Fancy Dress Up Outfits -Pink
[15-02:55 2025-02-14] [INFO]: 	Product 20: Sleeveless Unicorn Print Fit & Flare Net Dress - Multi
[15-02:55 2025-02-14] [INFO]: 	Product 21: Colour Blocked Shirt – Sky Blue
[15-02:55 2025-02-14] [INFO]: 	Product 22: Pure Cotton V-Neck T-Shirt
[15-02:55 2025-02-14] [INFO]: 	Product 23: Green Side Placket Detail T-Shirt
[15-02:55 2025-02-14] [INFO]: 	Product 24: Premium Polo T-Shirts
[15-02:55 2025-02-14] [INFO]: 	Product 25: Pure Cotton Neon Green Tshirt
[15-02:55 2025-02-14] [INFO]: 	Product 26: Soft Stretch Jeans
[15-02:55 2025-02-14] [INFO]: 	Product 27: Regular Fit Straight Jeans
[15-02:55 2025-02-14] [INFO]: 	Product 28: Grunt Blue Slim Fit Jeans
[15-02:55 2025-02-14] [INFO]: 	Product 29: Rose Pink Embroidered Maxi Dress
[15-02:55 2025-02-14] [INFO]: 	Product 30: Cotton Silk Hand Block Print Saree
[15-02:55 2025-02-14] [INFO]: 	Product 31: Rust Red Linen Saree
[15-02:55 2025-02-14] [INFO]: 	Product 32: Beautiful Peacock Blue Cotton Linen Saree
[15-02:55 2025-02-14] [INFO]: 	Product 33: Lace Top For Women
[15-02:55 2025-02-14] [INFO]: 	Product 34: GRAPHIC DESIGN MEN T SHIRT - BLUE
[15-02:55 2025-02-14] [INFO]: 	Setting quantity to 2
[15-02:55 2025-02-14] [INFO]: 	Setting quantity to 2
[15-02:56 2025-02-14] [INFO]: 	Adding product to cart
[15-02:56 2025-02-14] [INFO]: 	Adding product to cart
[15-02:57 2025-02-14] [INFO]: 	Viewing product in cart
[15-02:57 2025-02-14] [INFO]: 	Proceeding to checkout
[15-02:57 2025-02-14] [INFO]: 	Registering new user
[15-02:57 2025-02-14] [INFO]: 	Signing up new user
[15-02:58 2025-02-14] [INFO]: 	Entering new user details
[16-02:00 2025-02-14] [INFO]: 	Verifying account creation
[16-02:00 2025-02-14] [INFO]: 	Logging out
[16-02:13 2025-02-14] [INFO]: 	Running Lighthouse audit on homepage
[16-02:44 2025-02-14] [INFO]: 	performance: 4
[16-02:44 2025-02-14] [INFO]: 	accessibility: 84
[16-02:44 2025-02-14] [INFO]: 	best-practices: 56
[16-02:44 2025-02-14] [INFO]: 	seo: 83
[16-02:59 2025-02-14] [INFO]: 	Navigating to Products page
[16-02:59 2025-02-14] [INFO]: 	Listing all products
[16-02:59 2025-02-14] [INFO]: 	Product 1: Blue Top
[16-02:59 2025-02-14] [INFO]: 	Product 2: Men Tshirt
[16-02:59 2025-02-14] [INFO]: 	Product 3: Sleeveless Dress
[16-02:59 2025-02-14] [INFO]: 	Product 4: Stylish Dress
[16-02:59 2025-02-14] [INFO]: 	Product 5: Winter Top
[16-02:59 2025-02-14] [INFO]: 	Product 6: Summer White Top
[16-02:59 2025-02-14] [INFO]: 	Product 7: Madame Top For Women
[16-02:59 2025-02-14] [INFO]: 	Product 8: Fancy Green Top
[16-02:59 2025-02-14] [INFO]: 	Product 9: Sleeves Printed Top - White
[16-02:59 2025-02-14] [INFO]: 	Product 10: Half Sleeves Top Schiffli Detailing - Pink
[16-02:59 2025-02-14] [INFO]: 	Product 11: Frozen Tops For Kids
[16-02:59 2025-02-14] [INFO]: 	Product 12: Full Sleeves Top Cherry - Pink
[16-02:59 2025-02-14] [INFO]: 	Product 13: Printed Off Shoulder Top - White
[16-02:00 2025-02-14] [INFO]: 	Product 14: Sleeves Top and Short - Blue & Pink
[16-02:00 2025-02-14] [INFO]: 	Product 15: Little Girls Mr. Panda Shirt
[16-02:00 2025-02-14] [INFO]: 	Product 16: Sleeveless Unicorn Patch Gown - Pink
[16-02:00 2025-02-14] [INFO]: 	Product 17: Cotton Mull Embroidered Dress
[16-02:00 2025-02-14] [INFO]: 	Product 18: Blue Cotton Indie Mickey Dress
[16-02:00 2025-02-14] [INFO]: 	Product 19: Long Maxi Tulle Fancy Dress Up Outfits -Pink
[16-02:00 2025-02-14] [INFO]: 	Product 20: Sleeveless Unicorn Print Fit & Flare Net Dress - Multi
[16-02:00 2025-02-14] [INFO]: 	Product 21: Colour Blocked Shirt – Sky Blue
[16-02:00 2025-02-14] [INFO]: 	Product 22: Pure Cotton V-Neck T-Shirt
[16-02:00 2025-02-14] [INFO]: 	Product 23: Green Side Placket Detail T-Shirt
[16-02:00 2025-02-14] [INFO]: 	Product 24: Premium Polo T-Shirts
[16-02:00 2025-02-14] [INFO]: 	Product 25: Pure Cotton Neon Green Tshirt
[16-02:00 2025-02-14] [INFO]: 	Product 26: Soft Stretch Jeans
[16-02:00 2025-02-14] [INFO]: 	Product 27: Regular Fit Straight Jeans
[16-02:00 2025-02-14] [INFO]: 	Product 28: Grunt Blue Slim Fit Jeans
[16-02:00 2025-02-14] [INFO]: 	Product 29: Rose Pink Embroidered Maxi Dress
[16-02:00 2025-02-14] [INFO]: 	Product 30: Cotton Silk Hand Block Print Saree
[16-02:00 2025-02-14] [INFO]: 	Product 31: Rust Red Linen Saree
[16-02:00 2025-02-14] [INFO]: 	Product 32: Beautiful Peacock Blue Cotton Linen Saree
[16-02:00 2025-02-14] [INFO]: 	Product 33: Lace Top For Women
[16-02:00 2025-02-14] [INFO]: 	Product 34: GRAPHIC DESIGN MEN T SHIRT - BLUE
[16-02:00 2025-02-14] [INFO]: 	Setting quantity to 3
[16-02:00 2025-02-14] [INFO]: 	Setting quantity to 3
[16-02:01 2025-02-14] [INFO]: 	Adding product to cart
[16-02:01 2025-02-14] [INFO]: 	Adding product to cart
[16-02:02 2025-02-14] [INFO]: 	Viewing product in cart
[16-02:02 2025-02-14] [INFO]: 	Proceeding to checkout
[16-02:02 2025-02-14] [INFO]: 	Registering new user
[16-02:02 2025-02-14] [INFO]: 	Signing up new user
[16-02:03 2025-02-14] [INFO]: 	Entering new user details
[16-02:05 2025-02-14] [INFO]: 	Verifying account creation
[16-02:05 2025-02-14] [INFO]: 	Logging out
[16-02:37 2025-02-14] [INFO]: 	Running Lighthouse audit on homepage
[16-02:22 2025-02-14] [INFO]: 	Running Lighthouse audit on homepage
[16-02:55 2025-02-14] [INFO]: 	Running Lighthouse audit on homepage
[16-02:51 2025-02-14] [INFO]: 	Navigating to Products page
[16-02:52 2025-02-14] [INFO]: 	Listing all products
[16-02:52 2025-02-14] [INFO]: 	Product 1: Blue Top
[16-02:52 2025-02-14] [INFO]: 	Product 2: Men Tshirt
[16-02:52 2025-02-14] [INFO]: 	Product 3: Sleeveless Dress
[16-02:52 2025-02-14] [INFO]: 	Product 4: Stylish Dress
[16-02:52 2025-02-14] [INFO]: 	Product 5: Winter Top
[16-02:52 2025-02-14] [INFO]: 	Product 6: Summer White Top
[16-02:52 2025-02-14] [INFO]: 	Product 7: Madame Top For Women
[16-02:52 2025-02-14] [INFO]: 	Product 8: Fancy Green Top
[16-02:52 2025-02-14] [INFO]: 	Product 9: Sleeves Printed Top - White
[16-02:52 2025-02-14] [INFO]: 	Product 10: Half Sleeves Top Schiffli Detailing - Pink
[16-02:52 2025-02-14] [INFO]: 	Product 11: Frozen Tops For Kids
[16-02:52 2025-02-14] [INFO]: 	Product 12: Full Sleeves Top Cherry - Pink
[16-02:52 2025-02-14] [INFO]: 	Product 13: Printed Off Shoulder Top - White
[16-02:52 2025-02-14] [INFO]: 	Product 14: Sleeves Top and Short - Blue & Pink
[16-02:52 2025-02-14] [INFO]: 	Product 15: Little Girls Mr. Panda Shirt
[16-02:52 2025-02-14] [INFO]: 	Product 16: Sleeveless Unicorn Patch Gown - Pink
[16-02:52 2025-02-14] [INFO]: 	Product 17: Cotton Mull Embroidered Dress
[16-02:52 2025-02-14] [INFO]: 	Product 18: Blue Cotton Indie Mickey Dress
[16-02:52 2025-02-14] [INFO]: 	Product 19: Long Maxi Tulle Fancy Dress Up Outfits -Pink
[16-02:52 2025-02-14] [INFO]: 	Product 20: Sleeveless Unicorn Print Fit & Flare Net Dress - Multi
[16-02:52 2025-02-14] [INFO]: 	Product 21: Colour Blocked Shirt – Sky Blue
[16-02:52 2025-02-14] [INFO]: 	Product 22: Pure Cotton V-Neck T-Shirt
[16-02:52 2025-02-14] [INFO]: 	Product 23: Green Side Placket Detail T-Shirt
[16-02:52 2025-02-14] [INFO]: 	Product 24: Premium Polo T-Shirts
[16-02:52 2025-02-14] [INFO]: 	Product 25: Pure Cotton Neon Green Tshirt
[16-02:52 2025-02-14] [INFO]: 	Product 26: Soft Stretch Jeans
[16-02:52 2025-02-14] [INFO]: 	Product 27: Regular Fit Straight Jeans
[16-02:52 2025-02-14] [INFO]: 	Product 28: Grunt Blue Slim Fit Jeans
[16-02:52 2025-02-14] [INFO]: 	Product 29: Rose Pink Embroidered Maxi Dress
[16-02:52 2025-02-14] [INFO]: 	Product 30: Cotton Silk Hand Block Print Saree
[16-02:52 2025-02-14] [INFO]: 	Product 31: Rust Red Linen Saree
[16-02:52 2025-02-14] [INFO]: 	Product 32: Beautiful Peacock Blue Cotton Linen Saree
[16-02:52 2025-02-14] [INFO]: 	Product 33: Lace Top For Women
[16-02:52 2025-02-14] [INFO]: 	Product 34: GRAPHIC DESIGN MEN T SHIRT - BLUE
[16-02:52 2025-02-14] [INFO]: 	Setting quantity to 6
[16-02:52 2025-02-14] [INFO]: 	Setting quantity to 6
[16-02:53 2025-02-14] [INFO]: 	Adding product to cart
[16-02:53 2025-02-14] [INFO]: 	Adding product to cart
[16-02:55 2025-02-14] [INFO]: 	Viewing product in cart
[16-02:55 2025-02-14] [INFO]: 	Proceeding to checkout
[16-02:55 2025-02-14] [INFO]: 	Registering new user
[16-02:55 2025-02-14] [INFO]: 	Signing up new user
[16-02:56 2025-02-14] [INFO]: 	Entering new user details
[16-02:57 2025-02-14] [INFO]: 	Verifying account creation
[16-02:58 2025-02-14] [INFO]: 	Logging out
[16-02:08 2025-02-14] [INFO]: 	Running Lighthouse audit on homepage
[16-02:43 2025-02-14] [INFO]: 	performance: 4
[16-02:43 2025-02-14] [INFO]: 	accessibility: 84
[16-02:43 2025-02-14] [INFO]: 	best-practices: 56
[16-02:43 2025-02-14] [INFO]: 	seo: 83
[16-02:10 2025-02-14] [INFO]: 	Navigating to Products page
[16-02:11 2025-02-14] [INFO]: 	Listing all products
[16-02:11 2025-02-14] [INFO]: 	Product 1: Blue Top
[16-02:11 2025-02-14] [INFO]: 	Product 2: Men Tshirt
[16-02:11 2025-02-14] [INFO]: 	Product 3: Sleeveless Dress
[16-02:11 2025-02-14] [INFO]: 	Product 4: Stylish Dress
[16-02:11 2025-02-14] [INFO]: 	Product 5: Winter Top
[16-02:11 2025-02-14] [INFO]: 	Product 6: Summer White Top
[16-02:11 2025-02-14] [INFO]: 	Product 7: Madame Top For Women
[16-02:11 2025-02-14] [INFO]: 	Product 8: Fancy Green Top
[16-02:11 2025-02-14] [INFO]: 	Product 9: Sleeves Printed Top - White
[16-02:11 2025-02-14] [INFO]: 	Product 10: Half Sleeves Top Schiffli Detailing - Pink
[16-02:11 2025-02-14] [INFO]: 	Product 11: Frozen Tops For Kids
[16-02:11 2025-02-14] [INFO]: 	Product 12: Full Sleeves Top Cherry - Pink
[16-02:11 2025-02-14] [INFO]: 	Product 13: Printed Off Shoulder Top - White
[16-02:11 2025-02-14] [INFO]: 	Product 14: Sleeves Top and Short - Blue & Pink
[16-02:11 2025-02-14] [INFO]: 	Product 15: Little Girls Mr. Panda Shirt
[16-02:11 2025-02-14] [INFO]: 	Product 16: Sleeveless Unicorn Patch Gown - Pink
[16-02:11 2025-02-14] [INFO]: 	Product 17: Cotton Mull Embroidered Dress
[16-02:11 2025-02-14] [INFO]: 	Product 18: Blue Cotton Indie Mickey Dress
[16-02:11 2025-02-14] [INFO]: 	Product 19: Long Maxi Tulle Fancy Dress Up Outfits -Pink
[16-02:11 2025-02-14] [INFO]: 	Product 20: Sleeveless Unicorn Print Fit & Flare Net Dress - Multi
[16-02:11 2025-02-14] [INFO]: 	Product 21: Colour Blocked Shirt – Sky Blue
[16-02:11 2025-02-14] [INFO]: 	Product 22: Pure Cotton V-Neck T-Shirt
[16-02:11 2025-02-14] [INFO]: 	Product 23: Green Side Placket Detail T-Shirt
[16-02:11 2025-02-14] [INFO]: 	Product 24: Premium Polo T-Shirts
[16-02:11 2025-02-14] [INFO]: 	Product 25: Pure Cotton Neon Green Tshirt
[16-02:11 2025-02-14] [INFO]: 	Product 26: Soft Stretch Jeans
[16-02:11 2025-02-14] [INFO]: 	Product 27: Regular Fit Straight Jeans
[16-02:11 2025-02-14] [INFO]: 	Product 28: Grunt Blue Slim Fit Jeans
[16-02:11 2025-02-14] [INFO]: 	Product 29: Rose Pink Embroidered Maxi Dress
[16-02:11 2025-02-14] [INFO]: 	Product 30: Cotton Silk Hand Block Print Saree
[16-02:11 2025-02-14] [INFO]: 	Product 31: Rust Red Linen Saree
[16-02:11 2025-02-14] [INFO]: 	Product 32: Beautiful Peacock Blue Cotton Linen Saree
[16-02:11 2025-02-14] [INFO]: 	Product 33: Lace Top For Women
[16-02:12 2025-02-14] [INFO]: 	Product 34: GRAPHIC DESIGN MEN T SHIRT - BLUE
[16-02:12 2025-02-14] [INFO]: 	Setting quantity to 8
[16-02:12 2025-02-14] [INFO]: 	Setting quantity to 8
[16-02:12 2025-02-14] [INFO]: 	Adding product to cart
[16-02:12 2025-02-14] [INFO]: 	Adding product to cart
[16-02:13 2025-02-14] [INFO]: 	Viewing product in cart
[16-02:13 2025-02-14] [INFO]: 	Proceeding to checkout
[16-02:13 2025-02-14] [INFO]: 	Registering new user
[16-02:13 2025-02-14] [INFO]: 	Signing up new user
[16-02:14 2025-02-14] [INFO]: 	Entering new user details
[16-02:15 2025-02-14] [INFO]: 	Verifying account creation
[16-02:16 2025-02-14] [INFO]: 	Logging out
[16-02:48 2025-02-14] [INFO]: 	Navigating to Products page
[16-02:49 2025-02-14] [INFO]: 	Listing all products
[16-02:49 2025-02-14] [INFO]: 	Product 1: Blue Top
[16-02:49 2025-02-14] [INFO]: 	Product 2: Men Tshirt
[16-02:49 2025-02-14] [INFO]: 	Product 3: Sleeveless Dress
[16-02:49 2025-02-14] [INFO]: 	Product 4: Stylish Dress
[16-02:49 2025-02-14] [INFO]: 	Product 5: Winter Top
[16-02:49 2025-02-14] [INFO]: 	Product 6: Summer White Top
[16-02:49 2025-02-14] [INFO]: 	Product 7: Madame Top For Women
[16-02:49 2025-02-14] [INFO]: 	Product 8: Fancy Green Top
[16-02:49 2025-02-14] [INFO]: 	Product 9: Sleeves Printed Top - White
[16-02:49 2025-02-14] [INFO]: 	Product 10: Half Sleeves Top Schiffli Detailing - Pink
[16-02:49 2025-02-14] [INFO]: 	Product 11: Frozen Tops For Kids
[16-02:49 2025-02-14] [INFO]: 	Product 12: Full Sleeves Top Cherry - Pink
[16-02:49 2025-02-14] [INFO]: 	Product 13: Printed Off Shoulder Top - White
[16-02:49 2025-02-14] [INFO]: 	Product 14: Sleeves Top and Short - Blue & Pink
[16-02:49 2025-02-14] [INFO]: 	Product 15: Little Girls Mr. Panda Shirt
[16-02:49 2025-02-14] [INFO]: 	Product 16: Sleeveless Unicorn Patch Gown - Pink
[16-02:49 2025-02-14] [INFO]: 	Product 17: Cotton Mull Embroidered Dress
[16-02:49 2025-02-14] [INFO]: 	Product 18: Blue Cotton Indie Mickey Dress
[16-02:49 2025-02-14] [INFO]: 	Product 19: Long Maxi Tulle Fancy Dress Up Outfits -Pink
[16-02:49 2025-02-14] [INFO]: 	Product 20: Sleeveless Unicorn Print Fit & Flare Net Dress - Multi
[16-02:49 2025-02-14] [INFO]: 	Product 21: Colour Blocked Shirt – Sky Blue
[16-02:49 2025-02-14] [INFO]: 	Product 22: Pure Cotton V-Neck T-Shirt
[16-02:49 2025-02-14] [INFO]: 	Product 23: Green Side Placket Detail T-Shirt
[16-02:49 2025-02-14] [INFO]: 	Product 24: Premium Polo T-Shirts
[16-02:49 2025-02-14] [INFO]: 	Product 25: Pure Cotton Neon Green Tshirt
[16-02:49 2025-02-14] [INFO]: 	Product 26: Soft Stretch Jeans
[16-02:49 2025-02-14] [INFO]: 	Product 27: Regular Fit Straight Jeans
[16-02:49 2025-02-14] [INFO]: 	Product 28: Grunt Blue Slim Fit Jeans
[16-02:49 2025-02-14] [INFO]: 	Product 29: Rose Pink Embroidered Maxi Dress
[16-02:49 2025-02-14] [INFO]: 	Product 30: Cotton Silk Hand Block Print Saree
[16-02:49 2025-02-14] [INFO]: 	Product 31: Rust Red Linen Saree
[16-02:49 2025-02-14] [INFO]: 	Product 32: Beautiful Peacock Blue Cotton Linen Saree
[16-02:49 2025-02-14] [INFO]: 	Product 33: Lace Top For Women
[16-02:49 2025-02-14] [INFO]: 	Product 34: GRAPHIC DESIGN MEN T SHIRT - BLUE
[16-02:49 2025-02-14] [INFO]: 	Setting quantity to 6
[16-02:49 2025-02-14] [INFO]: 	Setting quantity to 6
[16-02:50 2025-02-14] [INFO]: 	Adding product to cart
[16-02:50 2025-02-14] [INFO]: 	Adding product to cart
[16-02:52 2025-02-14] [INFO]: 	Viewing product in cart
[16-02:52 2025-02-14] [INFO]: 	Proceeding to checkout
[16-02:52 2025-02-14] [INFO]: 	Registering new user
[16-02:52 2025-02-14] [INFO]: 	Signing up new user
[16-02:53 2025-02-14] [INFO]: 	Entering new user details
[16-02:54 2025-02-14] [INFO]: 	Verifying account creation
[16-02:55 2025-02-14] [INFO]: 	Logging out
[16-02:24 2025-02-14] [INFO]: 	Loading Website Home Page
[16-02:28 2025-02-14] [INFO]: 	Navigating to Products Page
[16-02:28 2025-02-14] [INFO]: 	Navigating to Products page
[16-02:28 2025-02-14] [INFO]: 	Waiting for page load
[16-02:29 2025-02-14] [INFO]: 	Selecting Specified Product
[16-02:29 2025-02-14] [INFO]: 	Listing all products
[16-02:29 2025-02-14] [INFO]: 	Product 1: Blue Top
[16-02:29 2025-02-14] [INFO]: 	Product 2: Men Tshirt
[16-02:29 2025-02-14] [INFO]: 	Product 3: Sleeveless Dress
[16-02:29 2025-02-14] [INFO]: 	Product 4: Stylish Dress
[16-02:29 2025-02-14] [INFO]: 	Product 5: Winter Top
[16-02:29 2025-02-14] [INFO]: 	Product 6: Summer White Top
[16-02:29 2025-02-14] [INFO]: 	Product 7: Madame Top For Women
[16-02:29 2025-02-14] [INFO]: 	Product 8: Fancy Green Top
[16-02:29 2025-02-14] [INFO]: 	Product 9: Sleeves Printed Top - White
[16-02:29 2025-02-14] [INFO]: 	Product 10: Half Sleeves Top Schiffli Detailing - Pink
[16-02:29 2025-02-14] [INFO]: 	Product 11: Frozen Tops For Kids
[16-02:29 2025-02-14] [INFO]: 	Product 12: Full Sleeves Top Cherry - Pink
[16-02:29 2025-02-14] [INFO]: 	Product 13: Printed Off Shoulder Top - White
[16-02:29 2025-02-14] [INFO]: 	Product 14: Sleeves Top and Short - Blue & Pink
[16-02:29 2025-02-14] [INFO]: 	Product 15: Little Girls Mr. Panda Shirt
[16-02:29 2025-02-14] [INFO]: 	Product 16: Sleeveless Unicorn Patch Gown - Pink
[16-02:29 2025-02-14] [INFO]: 	Product 17: Cotton Mull Embroidered Dress
[16-02:29 2025-02-14] [INFO]: 	Product 18: Blue Cotton Indie Mickey Dress
[16-02:29 2025-02-14] [INFO]: 	Product 19: Long Maxi Tulle Fancy Dress Up Outfits -Pink
[16-02:29 2025-02-14] [INFO]: 	Product 20: Sleeveless Unicorn Print Fit & Flare Net Dress - Multi
[16-02:29 2025-02-14] [INFO]: 	Product 21: Colour Blocked Shirt – Sky Blue
[16-02:29 2025-02-14] [INFO]: 	Product 22: Pure Cotton V-Neck T-Shirt
[16-02:29 2025-02-14] [INFO]: 	Product 23: Green Side Placket Detail T-Shirt
[16-02:29 2025-02-14] [INFO]: 	Product 24: Premium Polo T-Shirts
[16-02:29 2025-02-14] [INFO]: 	Product 25: Pure Cotton Neon Green Tshirt
[16-02:29 2025-02-14] [INFO]: 	Product 26: Soft Stretch Jeans
[16-02:29 2025-02-14] [INFO]: 	Product 27: Regular Fit Straight Jeans
[16-02:29 2025-02-14] [INFO]: 	Product 28: Grunt Blue Slim Fit Jeans
[16-02:29 2025-02-14] [INFO]: 	Product 29: Rose Pink Embroidered Maxi Dress
[16-02:29 2025-02-14] [INFO]: 	Product 30: Cotton Silk Hand Block Print Saree
[16-02:29 2025-02-14] [INFO]: 	Product 31: Rust Red Linen Saree
[16-02:29 2025-02-14] [INFO]: 	Product 32: Beautiful Peacock Blue Cotton Linen Saree
[16-02:29 2025-02-14] [INFO]: 	Product 33: Lace Top For Women
[16-02:29 2025-02-14] [INFO]: 	Product 34: GRAPHIC DESIGN MEN T SHIRT - BLUE
[16-02:29 2025-02-14] [INFO]: 	Setting quantity to 11
[16-02:29 2025-02-14] [INFO]: 	Setting quantity to 11
[16-02:30 2025-02-14] [INFO]: 	Adding product to cart
[16-02:30 2025-02-14] [INFO]: 	Adding product to cart
[16-02:31 2025-02-14] [INFO]: 	Viewing product in cart
[16-02:31 2025-02-14] [INFO]: 	Proceeding to checkout
[16-02:31 2025-02-14] [INFO]: 	Registering new user
[16-02:31 2025-02-14] [INFO]: 	Signing up new user
[16-02:32 2025-02-14] [INFO]: 	Entering new user details
[16-02:33 2025-02-14] [INFO]: 	Verifying account creation
[16-02:33 2025-02-14] [INFO]: 	Verified that account has been succesfully created.
[16-02:34 2025-02-14] [INFO]: 	Logging out
[16-02:01 2025-02-14] [INFO]: 	Loading Website Home Page
[16-02:06 2025-02-14] [INFO]: 	Navigating to Products Page
[16-02:06 2025-02-14] [INFO]: 	Navigating to Products page
[16-02:06 2025-02-14] [INFO]: 	Selecting Specified Product
[16-02:06 2025-02-14] [INFO]: 	Listing all products
[16-02:06 2025-02-14] [INFO]: 	Product 1: Blue Top
[16-02:06 2025-02-14] [INFO]: 	Product 2: Men Tshirt
[16-02:06 2025-02-14] [INFO]: 	Product 3: Sleeveless Dress
[16-02:06 2025-02-14] [INFO]: 	Product 4: Stylish Dress
[16-02:06 2025-02-14] [INFO]: 	Product 5: Winter Top
[16-02:06 2025-02-14] [INFO]: 	Product 6: Summer White Top
[16-02:06 2025-02-14] [INFO]: 	Product 7: Madame Top For Women
[16-02:06 2025-02-14] [INFO]: 	Product 8: Fancy Green Top
[16-02:06 2025-02-14] [INFO]: 	Product 9: Sleeves Printed Top - White
[16-02:07 2025-02-14] [INFO]: 	Product 10: Half Sleeves Top Schiffli Detailing - Pink
[16-02:07 2025-02-14] [INFO]: 	Product 11: Frozen Tops For Kids
[16-02:07 2025-02-14] [INFO]: 	Product 12: Full Sleeves Top Cherry - Pink
[16-02:07 2025-02-14] [INFO]: 	Product 13: Printed Off Shoulder Top - White
[16-02:07 2025-02-14] [INFO]: 	Product 14: Sleeves Top and Short - Blue & Pink
[16-02:07 2025-02-14] [INFO]: 	Product 15: Little Girls Mr. Panda Shirt
[16-02:07 2025-02-14] [INFO]: 	Product 16: Sleeveless Unicorn Patch Gown - Pink
[16-02:07 2025-02-14] [INFO]: 	Product 17: Cotton Mull Embroidered Dress
[16-02:07 2025-02-14] [INFO]: 	Product 18: Blue Cotton Indie Mickey Dress
[16-02:07 2025-02-14] [INFO]: 	Product 19: Long Maxi Tulle Fancy Dress Up Outfits -Pink
[16-02:07 2025-02-14] [INFO]: 	Product 20: Sleeveless Unicorn Print Fit & Flare Net Dress - Multi
[16-02:07 2025-02-14] [INFO]: 	Product 21: Colour Blocked Shirt – Sky Blue
[16-02:07 2025-02-14] [INFO]: 	Product 22: Pure Cotton V-Neck T-Shirt
[16-02:07 2025-02-14] [INFO]: 	Product 23: Green Side Placket Detail T-Shirt
[16-02:07 2025-02-14] [INFO]: 	Product 24: Premium Polo T-Shirts
[16-02:07 2025-02-14] [INFO]: 	Product 25: Pure Cotton Neon Green Tshirt
[16-02:07 2025-02-14] [INFO]: 	Product 26: Soft Stretch Jeans
[16-02:07 2025-02-14] [INFO]: 	Product 27: Regular Fit Straight Jeans
[16-02:07 2025-02-14] [INFO]: 	Product 28: Grunt Blue Slim Fit Jeans
[16-02:07 2025-02-14] [INFO]: 	Product 29: Rose Pink Embroidered Maxi Dress
[16-02:07 2025-02-14] [INFO]: 	Product 30: Cotton Silk Hand Block Print Saree
[16-02:07 2025-02-14] [INFO]: 	Product 31: Rust Red Linen Saree
[16-02:07 2025-02-14] [INFO]: 	Product 32: Beautiful Peacock Blue Cotton Linen Saree
[16-02:07 2025-02-14] [INFO]: 	Product 33: Lace Top For Women
[16-02:07 2025-02-14] [INFO]: 	Product 34: GRAPHIC DESIGN MEN T SHIRT - BLUE
[16-02:07 2025-02-14] [INFO]: 	Setting quantity to 17
[16-02:07 2025-02-14] [INFO]: 	Setting quantity to 17
[16-02:08 2025-02-14] [INFO]: 	Adding product to cart
[16-02:08 2025-02-14] [INFO]: 	Adding product to cart
[16-02:09 2025-02-14] [INFO]: 	Viewing product in cart
[16-02:09 2025-02-14] [INFO]: 	Proceeding to checkout
[16-02:09 2025-02-14] [INFO]: 	Registering new user
[16-02:09 2025-02-14] [INFO]: 	Signing up new user
[16-02:10 2025-02-14] [INFO]: 	Entering new user details
[16-02:11 2025-02-14] [INFO]: 	Verifying account creation
[16-02:11 2025-02-14] [INFO]: 	Verified that account has been succesfully created.
[16-02:12 2025-02-14] [INFO]: 	Logging out
[16-02:17 2025-02-14] [INFO]: 	Loading Website Home Page
[16-02:22 2025-02-14] [INFO]: 	Navigating to Products Page
[16-02:22 2025-02-14] [INFO]: 	Navigating to Products page
[16-02:23 2025-02-14] [INFO]: 	Selecting Specified Product
[16-02:23 2025-02-14] [INFO]: 	Listing all products
[16-02:23 2025-02-14] [INFO]: 	Product 1: Blue Top
[16-02:23 2025-02-14] [INFO]: 	Product 2: Men Tshirt
[16-02:23 2025-02-14] [INFO]: 	Product 3: Sleeveless Dress
[16-02:23 2025-02-14] [INFO]: 	Product 4: Stylish Dress
[16-02:23 2025-02-14] [INFO]: 	Product 5: Winter Top
[16-02:23 2025-02-14] [INFO]: 	Product 6: Summer White Top
[16-02:23 2025-02-14] [INFO]: 	Product 7: Madame Top For Women
[16-02:23 2025-02-14] [INFO]: 	Product 8: Fancy Green Top
[16-02:23 2025-02-14] [INFO]: 	Product 9: Sleeves Printed Top - White
[16-02:23 2025-02-14] [INFO]: 	Product 10: Half Sleeves Top Schiffli Detailing - Pink
[16-02:23 2025-02-14] [INFO]: 	Product 11: Frozen Tops For Kids
[16-02:23 2025-02-14] [INFO]: 	Product 12: Full Sleeves Top Cherry - Pink
[16-02:23 2025-02-14] [INFO]: 	Product 13: Printed Off Shoulder Top - White
[16-02:23 2025-02-14] [INFO]: 	Product 14: Sleeves Top and Short - Blue & Pink
[16-02:23 2025-02-14] [INFO]: 	Product 15: Little Girls Mr. Panda Shirt
[16-02:23 2025-02-14] [INFO]: 	Product 16: Sleeveless Unicorn Patch Gown - Pink
[16-02:23 2025-02-14] [INFO]: 	Product 17: Cotton Mull Embroidered Dress
[16-02:23 2025-02-14] [INFO]: 	Product 18: Blue Cotton Indie Mickey Dress
[16-02:23 2025-02-14] [INFO]: 	Product 19: Long Maxi Tulle Fancy Dress Up Outfits -Pink
[16-02:23 2025-02-14] [INFO]: 	Product 20: Sleeveless Unicorn Print Fit & Flare Net Dress - Multi
[16-02:23 2025-02-14] [INFO]: 	Product 21: Colour Blocked Shirt – Sky Blue
[16-02:23 2025-02-14] [INFO]: 	Product 22: Pure Cotton V-Neck T-Shirt
[16-02:24 2025-02-14] [INFO]: 	Product 23: Green Side Placket Detail T-Shirt
[16-02:24 2025-02-14] [INFO]: 	Product 24: Premium Polo T-Shirts
[16-02:24 2025-02-14] [INFO]: 	Product 25: Pure Cotton Neon Green Tshirt
[16-02:24 2025-02-14] [INFO]: 	Product 26: Soft Stretch Jeans
[16-02:24 2025-02-14] [INFO]: 	Product 27: Regular Fit Straight Jeans
[16-02:24 2025-02-14] [INFO]: 	Product 28: Grunt Blue Slim Fit Jeans
[16-02:24 2025-02-14] [INFO]: 	Product 29: Rose Pink Embroidered Maxi Dress
[16-02:24 2025-02-14] [INFO]: 	Product 30: Cotton Silk Hand Block Print Saree
[16-02:24 2025-02-14] [INFO]: 	Product 31: Rust Red Linen Saree
[16-02:24 2025-02-14] [INFO]: 	Product 32: Beautiful Peacock Blue Cotton Linen Saree
[16-02:24 2025-02-14] [INFO]: 	Product 33: Lace Top For Women
[16-02:24 2025-02-14] [INFO]: 	Product 34: GRAPHIC DESIGN MEN T SHIRT - BLUE
[16-02:24 2025-02-14] [INFO]: 	Setting quantity to 11
[16-02:24 2025-02-14] [INFO]: 	Setting quantity to 11
[16-02:25 2025-02-14] [INFO]: 	Adding product to cart
[16-02:25 2025-02-14] [INFO]: 	Adding product to cart
[16-02:26 2025-02-14] [INFO]: 	Viewing product in cart
[16-02:26 2025-02-14] [INFO]: 	Proceeding to checkout
[16-02:26 2025-02-14] [INFO]: 	Registering new user
[16-02:26 2025-02-14] [INFO]: 	Signing up new user
[16-02:28 2025-02-14] [INFO]: 	Entering new user details
[16-02:30 2025-02-14] [INFO]: 	Verifying account creation
[16-02:30 2025-02-14] [INFO]: 	Verified that account has been succesfully created.
[16-02:31 2025-02-14] [INFO]: 	Logging out
[16-02:31 2025-02-14] [INFO]: 	Loading Website Home Page
[16-02:35 2025-02-14] [INFO]: 	Navigating to Products Page
[16-02:35 2025-02-14] [INFO]: 	Navigating to Products page
[16-02:36 2025-02-14] [INFO]: 	Selecting Specified Product
[16-02:36 2025-02-14] [INFO]: 	Listing all products
[16-02:36 2025-02-14] [INFO]: 	Product 1: Blue Top
[16-02:36 2025-02-14] [INFO]: 	Product 2: Men Tshirt
[16-02:36 2025-02-14] [INFO]: 	Product 3: Sleeveless Dress
[16-02:36 2025-02-14] [INFO]: 	Product 4: Stylish Dress
[16-02:36 2025-02-14] [INFO]: 	Product 5: Winter Top
[16-02:36 2025-02-14] [INFO]: 	Product 6: Summer White Top
[16-02:36 2025-02-14] [INFO]: 	Product 7: Madame Top For Women
[16-02:36 2025-02-14] [INFO]: 	Product 8: Fancy Green Top
[16-02:36 2025-02-14] [INFO]: 	Product 9: Sleeves Printed Top - White
[16-02:36 2025-02-14] [INFO]: 	Product 10: Half Sleeves Top Schiffli Detailing - Pink
[16-02:36 2025-02-14] [INFO]: 	Product 11: Frozen Tops For Kids
[16-02:36 2025-02-14] [INFO]: 	Product 12: Full Sleeves Top Cherry - Pink
[16-02:36 2025-02-14] [INFO]: 	Product 13: Printed Off Shoulder Top - White
[16-02:36 2025-02-14] [INFO]: 	Product 14: Sleeves Top and Short - Blue & Pink
[16-02:36 2025-02-14] [INFO]: 	Product 15: Little Girls Mr. Panda Shirt
[16-02:36 2025-02-14] [INFO]: 	Product 16: Sleeveless Unicorn Patch Gown - Pink
[16-02:36 2025-02-14] [INFO]: 	Product 17: Cotton Mull Embroidered Dress
[16-02:37 2025-02-14] [INFO]: 	Product 18: Blue Cotton Indie Mickey Dress
[16-02:37 2025-02-14] [INFO]: 	Product 19: Long Maxi Tulle Fancy Dress Up Outfits -Pink
[16-02:37 2025-02-14] [INFO]: 	Product 20: Sleeveless Unicorn Print Fit & Flare Net Dress - Multi
[16-02:37 2025-02-14] [INFO]: 	Product 21: Colour Blocked Shirt – Sky Blue
[16-02:37 2025-02-14] [INFO]: 	Product 22: Pure Cotton V-Neck T-Shirt
[16-02:37 2025-02-14] [INFO]: 	Product 23: Green Side Placket Detail T-Shirt
[16-02:37 2025-02-14] [INFO]: 	Product 24: Premium Polo T-Shirts
[16-02:37 2025-02-14] [INFO]: 	Product 25: Pure Cotton Neon Green Tshirt
[16-02:37 2025-02-14] [INFO]: 	Product 26: Soft Stretch Jeans
[16-02:37 2025-02-14] [INFO]: 	Product 27: Regular Fit Straight Jeans
[16-02:37 2025-02-14] [INFO]: 	Product 28: Grunt Blue Slim Fit Jeans
[16-02:37 2025-02-14] [INFO]: 	Product 29: Rose Pink Embroidered Maxi Dress
[16-02:37 2025-02-14] [INFO]: 	Product 30: Cotton Silk Hand Block Print Saree
[16-02:37 2025-02-14] [INFO]: 	Product 31: Rust Red Linen Saree
[16-02:37 2025-02-14] [INFO]: 	Product 32: Beautiful Peacock Blue Cotton Linen Saree
[16-02:37 2025-02-14] [INFO]: 	Product 33: Lace Top For Women
[16-02:37 2025-02-14] [INFO]: 	Product 34: GRAPHIC DESIGN MEN T SHIRT - BLUE
[16-02:37 2025-02-14] [INFO]: 	Setting quantity to 14
[16-02:37 2025-02-14] [INFO]: 	Setting quantity to 14
[16-02:38 2025-02-14] [INFO]: 	Adding product to cart
[16-02:38 2025-02-14] [INFO]: 	Adding product to cart
[16-02:39 2025-02-14] [INFO]: 	Viewing product in cart
[16-02:39 2025-02-14] [INFO]: 	Proceeding to checkout
[16-02:39 2025-02-14] [INFO]: 	Registering new user
[16-02:39 2025-02-14] [INFO]: 	Signing up new user
[16-02:41 2025-02-14] [INFO]: 	Entering new user details
[16-02:42 2025-02-14] [INFO]: 	Verifying account creation
[16-02:42 2025-02-14] [INFO]: 	Verified that account has been succesfully created.
[16-02:43 2025-02-14] [INFO]: 	Logging out
[17-02:50 2025-02-14] [INFO]: 	Loading Website Home Page
[17-02:53 2025-02-14] [INFO]: 	Navigating to Products Page
[17-02:53 2025-02-14] [INFO]: 	Navigating to Products page
[17-02:54 2025-02-14] [INFO]: 	Selecting Specified Product
[17-02:54 2025-02-14] [INFO]: 	Listing all products
[17-02:54 2025-02-14] [INFO]: 	Product 1: Blue Top
[17-02:54 2025-02-14] [INFO]: 	Product 2: Men Tshirt
[17-02:54 2025-02-14] [INFO]: 	Product 3: Sleeveless Dress
[17-02:54 2025-02-14] [INFO]: 	Product 4: Stylish Dress
[17-02:54 2025-02-14] [INFO]: 	Product 5: Winter Top
[17-02:54 2025-02-14] [INFO]: 	Product 6: Summer White Top
[17-02:54 2025-02-14] [INFO]: 	Product 7: Madame Top For Women
[17-02:54 2025-02-14] [INFO]: 	Product 8: Fancy Green Top
[17-02:54 2025-02-14] [INFO]: 	Product 9: Sleeves Printed Top - White
[17-02:55 2025-02-14] [INFO]: 	Product 10: Half Sleeves Top Schiffli Detailing - Pink
[17-02:55 2025-02-14] [INFO]: 	Product 11: Frozen Tops For Kids
[17-02:55 2025-02-14] [INFO]: 	Product 12: Full Sleeves Top Cherry - Pink
[17-02:55 2025-02-14] [INFO]: 	Product 13: Printed Off Shoulder Top - White
[17-02:55 2025-02-14] [INFO]: 	Product 14: Sleeves Top and Short - Blue & Pink
[17-02:55 2025-02-14] [INFO]: 	Product 15: Little Girls Mr. Panda Shirt
[17-02:55 2025-02-14] [INFO]: 	Product 16: Sleeveless Unicorn Patch Gown - Pink
[17-02:55 2025-02-14] [INFO]: 	Product 17: Cotton Mull Embroidered Dress
[17-02:55 2025-02-14] [INFO]: 	Product 18: Blue Cotton Indie Mickey Dress
[17-02:55 2025-02-14] [INFO]: 	Product 19: Long Maxi Tulle Fancy Dress Up Outfits -Pink
[17-02:55 2025-02-14] [INFO]: 	Product 20: Sleeveless Unicorn Print Fit & Flare Net Dress - Multi
[17-02:55 2025-02-14] [INFO]: 	Product 21: Colour Blocked Shirt – Sky Blue
[17-02:55 2025-02-14] [INFO]: 	Product 22: Pure Cotton V-Neck T-Shirt
[17-02:55 2025-02-14] [INFO]: 	Product 23: Green Side Placket Detail T-Shirt
[17-02:55 2025-02-14] [INFO]: 	Product 24: Premium Polo T-Shirts
[17-02:55 2025-02-14] [INFO]: 	Product 25: Pure Cotton Neon Green Tshirt
[17-02:55 2025-02-14] [INFO]: 	Product 26: Soft Stretch Jeans
[17-02:55 2025-02-14] [INFO]: 	Product 27: Regular Fit Straight Jeans
[17-02:55 2025-02-14] [INFO]: 	Product 28: Grunt Blue Slim Fit Jeans
[17-02:55 2025-02-14] [INFO]: 	Product 29: Rose Pink Embroidered Maxi Dress
[17-02:55 2025-02-14] [INFO]: 	Product 30: Cotton Silk Hand Block Print Saree
[17-02:55 2025-02-14] [INFO]: 	Product 31: Rust Red Linen Saree
[17-02:55 2025-02-14] [INFO]: 	Product 32: Beautiful Peacock Blue Cotton Linen Saree
[17-02:55 2025-02-14] [INFO]: 	Product 33: Lace Top For Women
[17-02:55 2025-02-14] [INFO]: 	Product 34: GRAPHIC DESIGN MEN T SHIRT - BLUE
[17-02:55 2025-02-14] [INFO]: 	Setting quantity to 5
[17-02:55 2025-02-14] [INFO]: 	Setting quantity to 5
[17-02:56 2025-02-14] [INFO]: 	Adding product to cart
[17-02:56 2025-02-14] [INFO]: 	Adding product to cart
[17-02:57 2025-02-14] [INFO]: 	Viewing product in cart
[17-02:57 2025-02-14] [INFO]: 	Proceeding to checkout
[17-02:57 2025-02-14] [INFO]: 	Registering new user
[17-02:57 2025-02-14] [INFO]: 	Signing up new user
[17-02:59 2025-02-14] [INFO]: 	Entering new user details
[17-02:01 2025-02-14] [INFO]: 	Verifying account creation
[17-02:01 2025-02-14] [INFO]: 	Verified that account has been succesfully created.
[17-02:01 2025-02-14] [INFO]: 	Logging out
[17-02:47 2025-02-14] [INFO]: 	Running Lighthouse audit on homepage
[17-02:27 2025-02-14] [INFO]: 	performance: 1
[17-02:27 2025-02-14] [INFO]: 	accessibility: 84
[17-02:27 2025-02-14] [INFO]: 	best-practices: 56
[17-02:27 2025-02-14] [INFO]: 	seo: 83
[17-02:24 2025-02-14] [INFO]: 	Loading Website Home Page
[17-02:29 2025-02-14] [INFO]: 	Navigating to Products Page
[17-02:29 2025-02-14] [INFO]: 	Navigating to Products page
[17-02:29 2025-02-14] [INFO]: 	Selecting Specified Product
[17-02:29 2025-02-14] [INFO]: 	Listing all products
[17-02:29 2025-02-14] [INFO]: 	Product 1: Blue Top
[17-02:29 2025-02-14] [INFO]: 	Product 2: Men Tshirt
[17-02:30 2025-02-14] [INFO]: 	Product 3: Sleeveless Dress
[17-02:30 2025-02-14] [INFO]: 	Product 4: Stylish Dress
[17-02:30 2025-02-14] [INFO]: 	Product 5: Winter Top
[17-02:30 2025-02-14] [INFO]: 	Product 6: Summer White Top
[17-02:30 2025-02-14] [INFO]: 	Product 7: Madame Top For Women
[17-02:30 2025-02-14] [INFO]: 	Product 8: Fancy Green Top
[17-02:30 2025-02-14] [INFO]: 	Product 9: Sleeves Printed Top - White
[17-02:30 2025-02-14] [INFO]: 	Product 10: Half Sleeves Top Schiffli Detailing - Pink
[17-02:30 2025-02-14] [INFO]: 	Product 11: Frozen Tops For Kids
[17-02:30 2025-02-14] [INFO]: 	Product 12: Full Sleeves Top Cherry - Pink
[17-02:30 2025-02-14] [INFO]: 	Product 13: Printed Off Shoulder Top - White
[17-02:30 2025-02-14] [INFO]: 	Product 14: Sleeves Top and Short - Blue & Pink
[17-02:30 2025-02-14] [INFO]: 	Product 15: Little Girls Mr. Panda Shirt
[17-02:30 2025-02-14] [INFO]: 	Product 16: Sleeveless Unicorn Patch Gown - Pink
[17-02:30 2025-02-14] [INFO]: 	Product 17: Cotton Mull Embroidered Dress
[17-02:30 2025-02-14] [INFO]: 	Product 18: Blue Cotton Indie Mickey Dress
[17-02:30 2025-02-14] [INFO]: 	Product 19: Long Maxi Tulle Fancy Dress Up Outfits -Pink
[17-02:30 2025-02-14] [INFO]: 	Product 20: Sleeveless Unicorn Print Fit & Flare Net Dress - Multi
[17-02:30 2025-02-14] [INFO]: 	Product 21: Colour Blocked Shirt – Sky Blue
[17-02:30 2025-02-14] [INFO]: 	Product 22: Pure Cotton V-Neck T-Shirt
[17-02:30 2025-02-14] [INFO]: 	Product 23: Green Side Placket Detail T-Shirt
[17-02:30 2025-02-14] [INFO]: 	Product 24: Premium Polo T-Shirts
[17-02:30 2025-02-14] [INFO]: 	Product 25: Pure Cotton Neon Green Tshirt
[17-02:30 2025-02-14] [INFO]: 	Product 26: Soft Stretch Jeans
[17-02:30 2025-02-14] [INFO]: 	Product 27: Regular Fit Straight Jeans
[17-02:30 2025-02-14] [INFO]: 	Product 28: Grunt Blue Slim Fit Jeans
[17-02:30 2025-02-14] [INFO]: 	Product 29: Rose Pink Embroidered Maxi Dress
[17-02:30 2025-02-14] [INFO]: 	Product 30: Cotton Silk Hand Block Print Saree
[17-02:30 2025-02-14] [INFO]: 	Product 31: Rust Red Linen Saree
[17-02:30 2025-02-14] [INFO]: 	Product 32: Beautiful Peacock Blue Cotton Linen Saree
[17-02:30 2025-02-14] [INFO]: 	Product 33: Lace Top For Women
[17-02:30 2025-02-14] [INFO]: 	Product 34: GRAPHIC DESIGN MEN T SHIRT - BLUE
[17-02:30 2025-02-14] [INFO]: 	Setting quantity to 18
[17-02:30 2025-02-14] [INFO]: 	Setting quantity to 18
[17-02:30 2025-02-14] [INFO]: 	Adding product to cart
[17-02:30 2025-02-14] [INFO]: 	Adding product to cart
[17-02:31 2025-02-14] [INFO]: 	Viewing product in cart
[17-02:31 2025-02-14] [INFO]: 	Proceeding to checkout
[17-02:32 2025-02-14] [INFO]: 	Registering new user
[17-02:32 2025-02-14] [INFO]: 	Signing up new user
[17-02:32 2025-02-14] [INFO]: 	Entering new user details
[17-02:34 2025-02-14] [INFO]: 	Verifying account creation
[17-02:34 2025-02-14] [INFO]: 	Verified that account has been succesfully created.
[17-02:34 2025-02-14] [INFO]: 	Logging out
